{
  "C:\\Users\\Prathmesh Shinde\\Desktop\\postingv2\\src\\context\\AuthContext.tsx": {
    "path": "C:\\Users\\Prathmesh Shinde\\Desktop\\postingv2\\src\\context\\AuthContext.tsx",
    "statementMap": {
      "0": {
        "start": {
          "line": 17,
          "column": 21
        },
        "end": {
          "line": 17,
          "column": 44
        }
      },
      "1": {
        "start": {
          "line": 20,
          "column": 2
        },
        "end": {
          "line": 20,
          "column": 34
        }
      },
      "2": {
        "start": {
          "line": 23,
          "column": 49
        },
        "end": {
          "line": 96,
          "column": 1
        }
      },
      "3": {
        "start": {
          "line": 24,
          "column": 23
        },
        "end": {
          "line": 24,
          "column": 28
        }
      },
      "4": {
        "start": {
          "line": 25,
          "column": 15
        },
        "end": {
          "line": 25,
          "column": 24
        }
      },
      "5": {
        "start": {
          "line": 26,
          "column": 32
        },
        "end": {
          "line": 26,
          "column": 56
        }
      },
      "6": {
        "start": {
          "line": 28,
          "column": 26
        },
        "end": {
          "line": 28,
          "column": 45
        }
      },
      "7": {
        "start": {
          "line": 29,
          "column": 34
        },
        "end": {
          "line": 29,
          "column": 54
        }
      },
      "8": {
        "start": {
          "line": 30,
          "column": 34
        },
        "end": {
          "line": 30,
          "column": 55
        }
      },
      "9": {
        "start": {
          "line": 31,
          "column": 32
        },
        "end": {
          "line": 31,
          "column": 52
        }
      },
      "10": {
        "start": {
          "line": 32,
          "column": 46
        },
        "end": {
          "line": 32,
          "column": 70
        }
      },
      "11": {
        "start": {
          "line": 35,
          "column": 4
        },
        "end": {
          "line": 35,
          "column": 65
        }
      },
      "12": {
        "start": {
          "line": 39,
          "column": 4
        },
        "end": {
          "line": 39,
          "column": 61
        }
      },
      "13": {
        "start": {
          "line": 42,
          "column": 4
        },
        "end": {
          "line": 42,
          "column": 38
        }
      },
      "14": {
        "start": {
          "line": 43,
          "column": 4
        },
        "end": {
          "line": 43,
          "column": 25
        }
      },
      "15": {
        "start": {
          "line": 47,
          "column": 14
        },
        "end": {
          "line": 47,
          "column": 75
        }
      },
      "16": {
        "start": {
          "line": 48,
          "column": 26
        },
        "end": {
          "line": 48,
          "column": 42
        }
      },
      "17": {
        "start": {
          "line": 49,
          "column": 4
        },
        "end": {
          "line": 55,
          "column": 7
        }
      },
      "18": {
        "start": {
          "line": 50,
          "column": 27
        },
        "end": {
          "line": 50,
          "column": 37
        }
      },
      "19": {
        "start": {
          "line": 51,
          "column": 6
        },
        "end": {
          "line": 51,
          "column": 25
        }
      },
      "20": {
        "start": {
          "line": 52,
          "column": 6
        },
        "end": {
          "line": 52,
          "column": 32
        }
      },
      "21": {
        "start": {
          "line": 53,
          "column": 6
        },
        "end": {
          "line": 53,
          "column": 41
        }
      },
      "22": {
        "start": {
          "line": 54,
          "column": 6
        },
        "end": {
          "line": 54,
          "column": 58
        }
      },
      "23": {
        "start": {
          "line": 58,
          "column": 2
        },
        "end": {
          "line": 67,
          "column": 13
        }
      },
      "24": {
        "start": {
          "line": 59,
          "column": 22
        },
        "end": {
          "line": 64,
          "column": 6
        }
      },
      "25": {
        "start": {
          "line": 60,
          "column": 6
        },
        "end": {
          "line": 63,
          "column": 7
        }
      },
      "26": {
        "start": {
          "line": 61,
          "column": 8
        },
        "end": {
          "line": 61,
          "column": 26
        }
      },
      "27": {
        "start": {
          "line": 62,
          "column": 8
        },
        "end": {
          "line": 62,
          "column": 29
        }
      },
      "28": {
        "start": {
          "line": 66,
          "column": 4
        },
        "end": {
          "line": 66,
          "column": 29
        }
      },
      "29": {
        "start": {
          "line": 66,
          "column": 17
        },
        "end": {
          "line": 66,
          "column": 28
        }
      },
      "30": {
        "start": {
          "line": 69,
          "column": 2
        },
        "end": {
          "line": 74,
          "column": 29
        }
      },
      "31": {
        "start": {
          "line": 71,
          "column": 4
        },
        "end": {
          "line": 73,
          "column": 5
        }
      },
      "32": {
        "start": {
          "line": 72,
          "column": 6
        },
        "end": {
          "line": 72,
          "column": 28
        }
      },
      "33": {
        "start": {
          "line": 76,
          "column": 2
        },
        "end": {
          "line": 76,
          "column": 41
        }
      },
      "34": {
        "start": {
          "line": 76,
          "column": 15
        },
        "end": {
          "line": 76,
          "column": 41
        }
      },
      "35": {
        "start": {
          "line": 78,
          "column": 2
        },
        "end": {
          "line": 95,
          "column": 4
        }
      }
    },
    "fnMap": {
      "0": {
        "name": "useUserAuth",
        "decl": {
          "start": {
            "line": 19,
            "column": 16
          },
          "end": {
            "line": 19,
            "column": 27
          }
        },
        "loc": {
          "start": {
            "line": 19,
            "column": 30
          },
          "end": {
            "line": 21,
            "column": 1
          }
        },
        "line": 19
      },
      "1": {
        "name": "(anonymous_1)",
        "decl": {
          "start": {
            "line": 23,
            "column": 49
          },
          "end": {
            "line": 23,
            "column": 50
          }
        },
        "loc": {
          "start": {
            "line": 23,
            "column": 60
          },
          "end": {
            "line": 96,
            "column": 1
          }
        },
        "line": 23
      },
      "2": {
        "name": "signup",
        "decl": {
          "start": {
            "line": 34,
            "column": 11
          },
          "end": {
            "line": 34,
            "column": 17
          }
        },
        "loc": {
          "start": {
            "line": 34,
            "column": 51
          },
          "end": {
            "line": 36,
            "column": 3
          }
        },
        "line": 34
      },
      "3": {
        "name": "login",
        "decl": {
          "start": {
            "line": 38,
            "column": 11
          },
          "end": {
            "line": 38,
            "column": 16
          }
        },
        "loc": {
          "start": {
            "line": 38,
            "column": 50
          },
          "end": {
            "line": 40,
            "column": 3
          }
        },
        "line": 38
      },
      "4": {
        "name": "signout",
        "decl": {
          "start": {
            "line": 41,
            "column": 11
          },
          "end": {
            "line": 41,
            "column": 18
          }
        },
        "loc": {
          "start": {
            "line": 41,
            "column": 21
          },
          "end": {
            "line": 44,
            "column": 3
          }
        },
        "line": 41
      },
      "5": {
        "name": "getUsername",
        "decl": {
          "start": {
            "line": 46,
            "column": 17
          },
          "end": {
            "line": 46,
            "column": 28
          }
        },
        "loc": {
          "start": {
            "line": 46,
            "column": 45
          },
          "end": {
            "line": 56,
            "column": 3
          }
        },
        "line": 46
      },
      "6": {
        "name": "(anonymous_6)",
        "decl": {
          "start": {
            "line": 49,
            "column": 26
          },
          "end": {
            "line": 49,
            "column": 27
          }
        },
        "loc": {
          "start": {
            "line": 49,
            "column": 35
          },
          "end": {
            "line": 55,
            "column": 5
          }
        },
        "line": 49
      },
      "7": {
        "name": "(anonymous_7)",
        "decl": {
          "start": {
            "line": 58,
            "column": 12
          },
          "end": {
            "line": 58,
            "column": 13
          }
        },
        "loc": {
          "start": {
            "line": 58,
            "column": 18
          },
          "end": {
            "line": 67,
            "column": 3
          }
        },
        "line": 58
      },
      "8": {
        "name": "(anonymous_8)",
        "decl": {
          "start": {
            "line": 59,
            "column": 47
          },
          "end": {
            "line": 59,
            "column": 48
          }
        },
        "loc": {
          "start": {
            "line": 59,
            "column": 64
          },
          "end": {
            "line": 64,
            "column": 5
          }
        },
        "line": 59
      },
      "9": {
        "name": "(anonymous_9)",
        "decl": {
          "start": {
            "line": 66,
            "column": 11
          },
          "end": {
            "line": 66,
            "column": 12
          }
        },
        "loc": {
          "start": {
            "line": 66,
            "column": 17
          },
          "end": {
            "line": 66,
            "column": 28
          }
        },
        "line": 66
      },
      "10": {
        "name": "(anonymous_10)",
        "decl": {
          "start": {
            "line": 69,
            "column": 12
          },
          "end": {
            "line": 69,
            "column": 13
          }
        },
        "loc": {
          "start": {
            "line": 69,
            "column": 18
          },
          "end": {
            "line": 74,
            "column": 3
          }
        },
        "line": 69
      }
    },
    "branchMap": {
      "0": {
        "loc": {
          "start": {
            "line": 60,
            "column": 6
          },
          "end": {
            "line": 63,
            "column": 7
          }
        },
        "type": "if",
        "locations": [
          {
            "start": {
              "line": 60,
              "column": 6
            },
            "end": {
              "line": 63,
              "column": 7
            }
          },
          {
            "start": {
              "line": 60,
              "column": 6
            },
            "end": {
              "line": 63,
              "column": 7
            }
          }
        ],
        "line": 60
      },
      "1": {
        "loc": {
          "start": {
            "line": 71,
            "column": 4
          },
          "end": {
            "line": 73,
            "column": 5
          }
        },
        "type": "if",
        "locations": [
          {
            "start": {
              "line": 71,
              "column": 4
            },
            "end": {
              "line": 73,
              "column": 5
            }
          },
          {
            "start": {
              "line": 71,
              "column": 4
            },
            "end": {
              "line": 73,
              "column": 5
            }
          }
        ],
        "line": 71
      },
      "2": {
        "loc": {
          "start": {
            "line": 76,
            "column": 2
          },
          "end": {
            "line": 76,
            "column": 41
          }
        },
        "type": "if",
        "locations": [
          {
            "start": {
              "line": 76,
              "column": 2
            },
            "end": {
              "line": 76,
              "column": 41
            }
          },
          {
            "start": {
              "line": 76,
              "column": 2
            },
            "end": {
              "line": 76,
              "column": 41
            }
          }
        ],
        "line": 76
      }
    },
    "s": {
      "0": 4,
      "1": 262,
      "2": 4,
      "3": 35,
      "4": 34,
      "5": 34,
      "6": 34,
      "7": 34,
      "8": 34,
      "9": 34,
      "10": 34,
      "11": 0,
      "12": 0,
      "13": 0,
      "14": 0,
      "15": 5,
      "16": 5,
      "17": 4,
      "18": 4,
      "19": 4,
      "20": 4,
      "21": 4,
      "22": 4,
      "23": 34,
      "24": 8,
      "25": 4,
      "26": 4,
      "27": 4,
      "28": 8,
      "29": 4,
      "30": 34,
      "31": 13,
      "32": 5,
      "33": 34,
      "34": 0,
      "35": 34
    },
    "f": {
      "0": 262,
      "1": 35,
      "2": 0,
      "3": 0,
      "4": 0,
      "5": 5,
      "6": 4,
      "7": 8,
      "8": 4,
      "9": 4,
      "10": 13
    },
    "b": {
      "0": [
        4,
        0
      ],
      "1": [
        5,
        8
      ],
      "2": [
        0,
        34
      ]
    },
    "_coverageSchema": "1a1c01bbd47fc00a2c39e90264f33305004495a9",
    "hash": "685d7317a3840539feff1e82e1ca992394a29f1c"
  },
  "C:\\Users\\Prathmesh Shinde\\Desktop\\postingv2\\src\\components\\HomePage\\ResponsiveNav.tsx": {
    "path": "C:\\Users\\Prathmesh Shinde\\Desktop\\postingv2\\src\\components\\HomePage\\ResponsiveNav.tsx",
    "statementMap": {
      "0": {
        "start": {
          "line": 16,
          "column": 32
        },
        "end": {
          "line": 80,
          "column": 1
        }
      },
      "1": {
        "start": {
          "line": 18,
          "column": 37
        },
        "end": {
          "line": 18,
          "column": 50
        }
      },
      "2": {
        "start": {
          "line": 19,
          "column": 19
        },
        "end": {
          "line": 19,
          "column": 32
        }
      },
      "3": {
        "start": {
          "line": 21,
          "column": 24
        },
        "end": {
          "line": 28,
          "column": 3
        }
      },
      "4": {
        "start": {
          "line": 22,
          "column": 4
        },
        "end": {
          "line": 27,
          "column": 5
        }
      },
      "5": {
        "start": {
          "line": 23,
          "column": 6
        },
        "end": {
          "line": 23,
          "column": 22
        }
      },
      "6": {
        "start": {
          "line": 24,
          "column": 6
        },
        "end": {
          "line": 24,
          "column": 25
        }
      },
      "7": {
        "start": {
          "line": 26,
          "column": 6
        },
        "end": {
          "line": 26,
          "column": 44
        }
      },
      "8": {
        "start": {
          "line": 30,
          "column": 36
        },
        "end": {
          "line": 66,
          "column": 3
        }
      },
      "9": {
        "start": {
          "line": 68,
          "column": 2
        },
        "end": {
          "line": 79,
          "column": 4
        }
      }
    },
    "fnMap": {
      "0": {
        "name": "(anonymous_0)",
        "decl": {
          "start": {
            "line": 16,
            "column": 32
          },
          "end": {
            "line": 16,
            "column": 33
          }
        },
        "loc": {
          "start": {
            "line": 16,
            "column": 38
          },
          "end": {
            "line": 80,
            "column": 1
          }
        },
        "line": 16
      },
      "1": {
        "name": "(anonymous_1)",
        "decl": {
          "start": {
            "line": 21,
            "column": 24
          },
          "end": {
            "line": 21,
            "column": 25
          }
        },
        "loc": {
          "start": {
            "line": 21,
            "column": 36
          },
          "end": {
            "line": 28,
            "column": 3
          }
        },
        "line": 21
      }
    },
    "branchMap": {
      "0": {
        "loc": {
          "start": {
            "line": 59,
            "column": 13
          },
          "end": {
            "line": 63,
            "column": 7
          }
        },
        "type": "cond-expr",
        "locations": [
          {
            "start": {
              "line": 60,
              "column": 8
            },
            "end": {
              "line": 60,
              "column": 45
            }
          },
          {
            "start": {
              "line": 62,
              "column": 8
            },
            "end": {
              "line": 62,
              "column": 38
            }
          }
        ],
        "line": 59
      },
      "1": {
        "loc": {
          "start": {
            "line": 64,
            "column": 12
          },
          "end": {
            "line": 64,
            "column": 61
          }
        },
        "type": "cond-expr",
        "locations": [
          {
            "start": {
              "line": 64,
              "column": 23
            },
            "end": {
              "line": 64,
              "column": 41
            }
          },
          {
            "start": {
              "line": 64,
              "column": 44
            },
            "end": {
              "line": 64,
              "column": 61
            }
          }
        ],
        "line": 64
      }
    },
    "s": {
      "0": 4,
      "1": 30,
      "2": 30,
      "3": 30,
      "4": 0,
      "5": 0,
      "6": 0,
      "7": 0,
      "8": 30,
      "9": 30
    },
    "f": {
      "0": 30,
      "1": 0
    },
    "b": {
      "0": [
        30,
        0
      ],
      "1": [
        30,
        0
      ]
    },
    "_coverageSchema": "1a1c01bbd47fc00a2c39e90264f33305004495a9",
    "hash": "d489c28f5b7db274b19551ae815b45a97c2b2299"
  },
  "C:\\Users\\Prathmesh Shinde\\Desktop\\postingv2\\src\\components\\HomePage\\Header.tsx": {
    "path": "C:\\Users\\Prathmesh Shinde\\Desktop\\postingv2\\src\\components\\HomePage\\Header.tsx",
    "statementMap": {
      "0": {
        "start": {
          "line": 7,
          "column": 25
        },
        "end": {
          "line": 45,
          "column": 1
        }
      },
      "1": {
        "start": {
          "line": 9,
          "column": 27
        },
        "end": {
          "line": 9,
          "column": 40
        }
      },
      "2": {
        "start": {
          "line": 10,
          "column": 19
        },
        "end": {
          "line": 10,
          "column": 32
        }
      },
      "3": {
        "start": {
          "line": 11,
          "column": 21
        },
        "end": {
          "line": 11,
          "column": 51
        }
      },
      "4": {
        "start": {
          "line": 13,
          "column": 24
        },
        "end": {
          "line": 20,
          "column": 3
        }
      },
      "5": {
        "start": {
          "line": 14,
          "column": 4
        },
        "end": {
          "line": 19,
          "column": 5
        }
      },
      "6": {
        "start": {
          "line": 15,
          "column": 6
        },
        "end": {
          "line": 15,
          "column": 22
        }
      },
      "7": {
        "start": {
          "line": 16,
          "column": 6
        },
        "end": {
          "line": 16,
          "column": 25
        }
      },
      "8": {
        "start": {
          "line": 18,
          "column": 6
        },
        "end": {
          "line": 18,
          "column": 44
        }
      },
      "9": {
        "start": {
          "line": 22,
          "column": 2
        },
        "end": {
          "line": 44,
          "column": 4
        }
      }
    },
    "fnMap": {
      "0": {
        "name": "(anonymous_0)",
        "decl": {
          "start": {
            "line": 7,
            "column": 25
          },
          "end": {
            "line": 7,
            "column": 26
          }
        },
        "loc": {
          "start": {
            "line": 7,
            "column": 31
          },
          "end": {
            "line": 45,
            "column": 1
          }
        },
        "line": 7
      },
      "1": {
        "name": "(anonymous_1)",
        "decl": {
          "start": {
            "line": 13,
            "column": 24
          },
          "end": {
            "line": 13,
            "column": 25
          }
        },
        "loc": {
          "start": {
            "line": 13,
            "column": 36
          },
          "end": {
            "line": 20,
            "column": 3
          }
        },
        "line": 13
      }
    },
    "branchMap": {
      "0": {
        "loc": {
          "start": {
            "line": 32,
            "column": 11
          },
          "end": {
            "line": 40,
            "column": 11
          }
        },
        "type": "cond-expr",
        "locations": [
          {
            "start": {
              "line": 33,
              "column": 12
            },
            "end": {
              "line": 35,
              "column": 21
            }
          },
          {
            "start": {
              "line": 37,
              "column": 12
            },
            "end": {
              "line": 39,
              "column": 21
            }
          }
        ],
        "line": 32
      }
    },
    "s": {
      "0": 4,
      "1": 30,
      "2": 30,
      "3": 30,
      "4": 30,
      "5": 0,
      "6": 0,
      "7": 0,
      "8": 0,
      "9": 30
    },
    "f": {
      "0": 30,
      "1": 0
    },
    "b": {
      "0": [
        30,
        0
      ]
    },
    "_coverageSchema": "1a1c01bbd47fc00a2c39e90264f33305004495a9",
    "hash": "6e685982f20b372571740d6c89e8dafa76da2360"
  },
  "C:\\Users\\Prathmesh Shinde\\Desktop\\postingv2\\src\\components\\ProfilePage\\UpdatePostModal.tsx": {
    "path": "C:\\Users\\Prathmesh Shinde\\Desktop\\postingv2\\src\\components\\ProfilePage\\UpdatePostModal.tsx",
    "statementMap": {
      "0": {
        "start": {
          "line": 19,
          "column": 41
        },
        "end": {
          "line": 113,
          "column": 1
        }
      },
      "1": {
        "start": {
          "line": 29,
          "column": 26
        },
        "end": {
          "line": 29,
          "column": 41
        }
      },
      "2": {
        "start": {
          "line": 30,
          "column": 17
        },
        "end": {
          "line": 33,
          "column": 3
        }
      },
      "3": {
        "start": {
          "line": 36,
          "column": 19
        },
        "end": {
          "line": 66,
          "column": 3
        }
      },
      "4": {
        "start": {
          "line": 37,
          "column": 4
        },
        "end": {
          "line": 50,
          "column": 5
        }
      },
      "5": {
        "start": {
          "line": 38,
          "column": 28
        },
        "end": {
          "line": 38,
          "column": 78
        }
      },
      "6": {
        "start": {
          "line": 39,
          "column": 6
        },
        "end": {
          "line": 43,
          "column": 9
        }
      },
      "7": {
        "start": {
          "line": 44,
          "column": 6
        },
        "end": {
          "line": 44,
          "column": 38
        }
      },
      "8": {
        "start": {
          "line": 45,
          "column": 6
        },
        "end": {
          "line": 45,
          "column": 45
        }
      },
      "9": {
        "start": {
          "line": 46,
          "column": 6
        },
        "end": {
          "line": 46,
          "column": 28
        }
      },
      "10": {
        "start": {
          "line": 47,
          "column": 6
        },
        "end": {
          "line": 47,
          "column": 21
        }
      },
      "11": {
        "start": {
          "line": 49,
          "column": 6
        },
        "end": {
          "line": 49,
          "column": 23
        }
      },
      "12": {
        "start": {
          "line": 52,
          "column": 4
        },
        "end": {
          "line": 65,
          "column": 5
        }
      },
      "13": {
        "start": {
          "line": 53,
          "column": 28
        },
        "end": {
          "line": 53,
          "column": 54
        }
      },
      "14": {
        "start": {
          "line": 54,
          "column": 6
        },
        "end": {
          "line": 58,
          "column": 9
        }
      },
      "15": {
        "start": {
          "line": 59,
          "column": 6
        },
        "end": {
          "line": 59,
          "column": 38
        }
      },
      "16": {
        "start": {
          "line": 60,
          "column": 6
        },
        "end": {
          "line": 60,
          "column": 28
        }
      },
      "17": {
        "start": {
          "line": 61,
          "column": 6
        },
        "end": {
          "line": 61,
          "column": 45
        }
      },
      "18": {
        "start": {
          "line": 62,
          "column": 6
        },
        "end": {
          "line": 62,
          "column": 21
        }
      },
      "19": {
        "start": {
          "line": 64,
          "column": 6
        },
        "end": {
          "line": 64,
          "column": 23
        }
      },
      "20": {
        "start": {
          "line": 68,
          "column": 2
        },
        "end": {
          "line": 71,
          "column": 9
        }
      },
      "21": {
        "start": {
          "line": 69,
          "column": 20
        },
        "end": {
          "line": 69,
          "column": 30
        }
      },
      "22": {
        "start": {
          "line": 70,
          "column": 4
        },
        "end": {
          "line": 70,
          "column": 21
        }
      },
      "23": {
        "start": {
          "line": 73,
          "column": 2
        },
        "end": {
          "line": 112,
          "column": 4
        }
      }
    },
    "fnMap": {
      "0": {
        "name": "(anonymous_0)",
        "decl": {
          "start": {
            "line": 19,
            "column": 41
          },
          "end": {
            "line": 19,
            "column": 42
          }
        },
        "loc": {
          "start": {
            "line": 27,
            "column": 6
          },
          "end": {
            "line": 113,
            "column": 1
          }
        },
        "line": 27
      },
      "1": {
        "name": "(anonymous_1)",
        "decl": {
          "start": {
            "line": 36,
            "column": 19
          },
          "end": {
            "line": 36,
            "column": 20
          }
        },
        "loc": {
          "start": {
            "line": 36,
            "column": 42
          },
          "end": {
            "line": 66,
            "column": 3
          }
        },
        "line": 36
      },
      "2": {
        "name": "(anonymous_2)",
        "decl": {
          "start": {
            "line": 68,
            "column": 12
          },
          "end": {
            "line": 68,
            "column": 13
          }
        },
        "loc": {
          "start": {
            "line": 68,
            "column": 18
          },
          "end": {
            "line": 71,
            "column": 3
          }
        },
        "line": 68
      }
    },
    "branchMap": {},
    "s": {
      "0": 4,
      "1": 156,
      "2": 156,
      "3": 156,
      "4": 1,
      "5": 1,
      "6": 0,
      "7": 0,
      "8": 0,
      "9": 0,
      "10": 0,
      "11": 1,
      "12": 1,
      "13": 1,
      "14": 1,
      "15": 0,
      "16": 0,
      "17": 0,
      "18": 0,
      "19": 0,
      "20": 156,
      "21": 52,
      "22": 52,
      "23": 156
    },
    "f": {
      "0": 156,
      "1": 1,
      "2": 52
    },
    "b": {},
    "_coverageSchema": "1a1c01bbd47fc00a2c39e90264f33305004495a9",
    "hash": "cdc5b844792fbf54d45ec035612119ebe61a0a58"
  },
  "C:\\Users\\Prathmesh Shinde\\Desktop\\postingv2\\src\\components\\HomePage\\Utils\\showLikedPosts.ts": {
    "path": "C:\\Users\\Prathmesh Shinde\\Desktop\\postingv2\\src\\components\\HomePage\\Utils\\showLikedPosts.ts",
    "statementMap": {
      "0": {
        "start": {
          "line": 7,
          "column": 30
        },
        "end": {
          "line": 57,
          "column": 1
        }
      },
      "1": {
        "start": {
          "line": 16,
          "column": 21
        },
        "end": {
          "line": 16,
          "column": 51
        }
      },
      "2": {
        "start": {
          "line": 17,
          "column": 2
        },
        "end": {
          "line": 56,
          "column": 3
        }
      },
      "3": {
        "start": {
          "line": 22,
          "column": 4
        },
        "end": {
          "line": 55,
          "column": 9
        }
      },
      "4": {
        "start": {
          "line": 31,
          "column": 32
        },
        "end": {
          "line": 31,
          "column": 34
        }
      },
      "5": {
        "start": {
          "line": 32,
          "column": 37
        },
        "end": {
          "line": 32,
          "column": 39
        }
      },
      "6": {
        "start": {
          "line": 33,
          "column": 8
        },
        "end": {
          "line": 36,
          "column": 11
        }
      },
      "7": {
        "start": {
          "line": 34,
          "column": 10
        },
        "end": {
          "line": 34,
          "column": 37
        }
      },
      "8": {
        "start": {
          "line": 35,
          "column": 10
        },
        "end": {
          "line": 35,
          "column": 45
        }
      },
      "9": {
        "start": {
          "line": 39,
          "column": 40
        },
        "end": {
          "line": 39,
          "column": 42
        }
      },
      "10": {
        "start": {
          "line": 41,
          "column": 8
        },
        "end": {
          "line": 50,
          "column": 11
        }
      },
      "11": {
        "start": {
          "line": 42,
          "column": 10
        },
        "end": {
          "line": 49,
          "column": 13
        }
      },
      "12": {
        "start": {
          "line": 43,
          "column": 12
        },
        "end": {
          "line": 48,
          "column": 13
        }
      },
      "13": {
        "start": {
          "line": 47,
          "column": 14
        },
        "end": {
          "line": 47,
          "column": 46
        }
      },
      "14": {
        "start": {
          "line": 51,
          "column": 8
        },
        "end": {
          "line": 51,
          "column": 38
        }
      },
      "15": {
        "start": {
          "line": 54,
          "column": 8
        },
        "end": {
          "line": 54,
          "column": 33
        }
      }
    },
    "fnMap": {
      "0": {
        "name": "(anonymous_0)",
        "decl": {
          "start": {
            "line": 7,
            "column": 30
          },
          "end": {
            "line": 7,
            "column": 31
          }
        },
        "loc": {
          "start": {
            "line": 15,
            "column": 5
          },
          "end": {
            "line": 57,
            "column": 1
          }
        },
        "line": 15
      },
      "1": {
        "name": "(anonymous_1)",
        "decl": {
          "start": {
            "line": 29,
            "column": 12
          },
          "end": {
            "line": 29,
            "column": 13
          }
        },
        "loc": {
          "start": {
            "line": 29,
            "column": 26
          },
          "end": {
            "line": 52,
            "column": 7
          }
        },
        "line": 29
      },
      "2": {
        "name": "(anonymous_2)",
        "decl": {
          "start": {
            "line": 33,
            "column": 32
          },
          "end": {
            "line": 33,
            "column": 33
          }
        },
        "loc": {
          "start": {
            "line": 33,
            "column": 41
          },
          "end": {
            "line": 36,
            "column": 9
          }
        },
        "line": 33
      },
      "3": {
        "name": "(anonymous_3)",
        "decl": {
          "start": {
            "line": 41,
            "column": 21
          },
          "end": {
            "line": 41,
            "column": 22
          }
        },
        "loc": {
          "start": {
            "line": 41,
            "column": 44
          },
          "end": {
            "line": 50,
            "column": 9
          }
        },
        "line": 41
      },
      "4": {
        "name": "(anonymous_4)",
        "decl": {
          "start": {
            "line": 42,
            "column": 25
          },
          "end": {
            "line": 42,
            "column": 26
          }
        },
        "loc": {
          "start": {
            "line": 42,
            "column": 54
          },
          "end": {
            "line": 49,
            "column": 11
          }
        },
        "line": 42
      },
      "5": {
        "name": "(anonymous_5)",
        "decl": {
          "start": {
            "line": 53,
            "column": 13
          },
          "end": {
            "line": 53,
            "column": 14
          }
        },
        "loc": {
          "start": {
            "line": 53,
            "column": 22
          },
          "end": {
            "line": 55,
            "column": 7
          }
        },
        "line": 53
      }
    },
    "branchMap": {
      "0": {
        "loc": {
          "start": {
            "line": 17,
            "column": 2
          },
          "end": {
            "line": 56,
            "column": 3
          }
        },
        "type": "if",
        "locations": [
          {
            "start": {
              "line": 17,
              "column": 2
            },
            "end": {
              "line": 56,
              "column": 3
            }
          },
          {
            "start": {
              "line": 17,
              "column": 2
            },
            "end": {
              "line": 56,
              "column": 3
            }
          }
        ],
        "line": 17
      },
      "1": {
        "loc": {
          "start": {
            "line": 18,
            "column": 4
          },
          "end": {
            "line": 20,
            "column": 36
          }
        },
        "type": "binary-expr",
        "locations": [
          {
            "start": {
              "line": 18,
              "column": 4
            },
            "end": {
              "line": 18,
              "column": 28
            }
          },
          {
            "start": {
              "line": 19,
              "column": 4
            },
            "end": {
              "line": 19,
              "column": 36
            }
          },
          {
            "start": {
              "line": 20,
              "column": 4
            },
            "end": {
              "line": 20,
              "column": 36
            }
          }
        ],
        "line": 18
      },
      "2": {
        "loc": {
          "start": {
            "line": 43,
            "column": 12
          },
          "end": {
            "line": 48,
            "column": 13
          }
        },
        "type": "if",
        "locations": [
          {
            "start": {
              "line": 43,
              "column": 12
            },
            "end": {
              "line": 48,
              "column": 13
            }
          },
          {
            "start": {
              "line": 43,
              "column": 12
            },
            "end": {
              "line": 48,
              "column": 13
            }
          }
        ],
        "line": 43
      },
      "3": {
        "loc": {
          "start": {
            "line": 44,
            "column": 14
          },
          "end": {
            "line": 45,
            "column": 46
          }
        },
        "type": "binary-expr",
        "locations": [
          {
            "start": {
              "line": 44,
              "column": 14
            },
            "end": {
              "line": 44,
              "column": 47
            }
          },
          {
            "start": {
              "line": 45,
              "column": 14
            },
            "end": {
              "line": 45,
              "column": 46
            }
          }
        ],
        "line": 44
      }
    },
    "s": {
      "0": 4,
      "1": 52,
      "2": 52,
      "3": 0,
      "4": 0,
      "5": 0,
      "6": 0,
      "7": 0,
      "8": 0,
      "9": 0,
      "10": 0,
      "11": 0,
      "12": 0,
      "13": 0,
      "14": 0,
      "15": 0
    },
    "f": {
      "0": 52,
      "1": 0,
      "2": 0,
      "3": 0,
      "4": 0,
      "5": 0
    },
    "b": {
      "0": [
        0,
        52
      ],
      "1": [
        52,
        52,
        52
      ],
      "2": [
        0,
        0
      ],
      "3": [
        0,
        0
      ]
    },
    "_coverageSchema": "1a1c01bbd47fc00a2c39e90264f33305004495a9",
    "hash": "55cee4c91381cb9ec366cc78acfc83dc98a1d7da"
  },
  "C:\\Users\\Prathmesh Shinde\\Desktop\\postingv2\\src\\components\\HomePage\\Utils\\showBookmarkedPosts.ts": {
    "path": "C:\\Users\\Prathmesh Shinde\\Desktop\\postingv2\\src\\components\\HomePage\\Utils\\showBookmarkedPosts.ts",
    "statementMap": {
      "0": {
        "start": {
          "line": 8,
          "column": 35
        },
        "end": {
          "line": 56,
          "column": 1
        }
      },
      "1": {
        "start": {
          "line": 17,
          "column": 21
        },
        "end": {
          "line": 17,
          "column": 51
        }
      },
      "2": {
        "start": {
          "line": 18,
          "column": 2
        },
        "end": {
          "line": 55,
          "column": 3
        }
      },
      "3": {
        "start": {
          "line": 23,
          "column": 4
        },
        "end": {
          "line": 54,
          "column": 9
        }
      },
      "4": {
        "start": {
          "line": 32,
          "column": 32
        },
        "end": {
          "line": 32,
          "column": 34
        }
      },
      "5": {
        "start": {
          "line": 33,
          "column": 8
        },
        "end": {
          "line": 35,
          "column": 11
        }
      },
      "6": {
        "start": {
          "line": 34,
          "column": 10
        },
        "end": {
          "line": 34,
          "column": 36
        }
      },
      "7": {
        "start": {
          "line": 38,
          "column": 43
        },
        "end": {
          "line": 38,
          "column": 45
        }
      },
      "8": {
        "start": {
          "line": 39,
          "column": 8
        },
        "end": {
          "line": 48,
          "column": 11
        }
      },
      "9": {
        "start": {
          "line": 40,
          "column": 10
        },
        "end": {
          "line": 47,
          "column": 13
        }
      },
      "10": {
        "start": {
          "line": 41,
          "column": 12
        },
        "end": {
          "line": 46,
          "column": 13
        }
      },
      "11": {
        "start": {
          "line": 45,
          "column": 14
        },
        "end": {
          "line": 45,
          "column": 49
        }
      },
      "12": {
        "start": {
          "line": 50,
          "column": 8
        },
        "end": {
          "line": 50,
          "column": 44
        }
      },
      "13": {
        "start": {
          "line": 53,
          "column": 8
        },
        "end": {
          "line": 53,
          "column": 42
        }
      }
    },
    "fnMap": {
      "0": {
        "name": "(anonymous_0)",
        "decl": {
          "start": {
            "line": 8,
            "column": 35
          },
          "end": {
            "line": 8,
            "column": 36
          }
        },
        "loc": {
          "start": {
            "line": 16,
            "column": 5
          },
          "end": {
            "line": 56,
            "column": 1
          }
        },
        "line": 16
      },
      "1": {
        "name": "(anonymous_1)",
        "decl": {
          "start": {
            "line": 30,
            "column": 12
          },
          "end": {
            "line": 30,
            "column": 13
          }
        },
        "loc": {
          "start": {
            "line": 30,
            "column": 26
          },
          "end": {
            "line": 51,
            "column": 7
          }
        },
        "line": 30
      },
      "2": {
        "name": "(anonymous_2)",
        "decl": {
          "start": {
            "line": 33,
            "column": 32
          },
          "end": {
            "line": 33,
            "column": 33
          }
        },
        "loc": {
          "start": {
            "line": 33,
            "column": 41
          },
          "end": {
            "line": 35,
            "column": 9
          }
        },
        "line": 33
      },
      "3": {
        "name": "(anonymous_3)",
        "decl": {
          "start": {
            "line": 39,
            "column": 21
          },
          "end": {
            "line": 39,
            "column": 22
          }
        },
        "loc": {
          "start": {
            "line": 39,
            "column": 38
          },
          "end": {
            "line": 48,
            "column": 9
          }
        },
        "line": 39
      },
      "4": {
        "name": "(anonymous_4)",
        "decl": {
          "start": {
            "line": 40,
            "column": 27
          },
          "end": {
            "line": 40,
            "column": 28
          }
        },
        "loc": {
          "start": {
            "line": 40,
            "column": 59
          },
          "end": {
            "line": 47,
            "column": 11
          }
        },
        "line": 40
      },
      "5": {
        "name": "(anonymous_5)",
        "decl": {
          "start": {
            "line": 52,
            "column": 13
          },
          "end": {
            "line": 52,
            "column": 14
          }
        },
        "loc": {
          "start": {
            "line": 52,
            "column": 19
          },
          "end": {
            "line": 54,
            "column": 7
          }
        },
        "line": 52
      }
    },
    "branchMap": {
      "0": {
        "loc": {
          "start": {
            "line": 18,
            "column": 2
          },
          "end": {
            "line": 55,
            "column": 3
          }
        },
        "type": "if",
        "locations": [
          {
            "start": {
              "line": 18,
              "column": 2
            },
            "end": {
              "line": 55,
              "column": 3
            }
          },
          {
            "start": {
              "line": 18,
              "column": 2
            },
            "end": {
              "line": 55,
              "column": 3
            }
          }
        ],
        "line": 18
      },
      "1": {
        "loc": {
          "start": {
            "line": 19,
            "column": 4
          },
          "end": {
            "line": 21,
            "column": 36
          }
        },
        "type": "binary-expr",
        "locations": [
          {
            "start": {
              "line": 19,
              "column": 4
            },
            "end": {
              "line": 19,
              "column": 30
            }
          },
          {
            "start": {
              "line": 20,
              "column": 4
            },
            "end": {
              "line": 20,
              "column": 36
            }
          },
          {
            "start": {
              "line": 21,
              "column": 4
            },
            "end": {
              "line": 21,
              "column": 36
            }
          }
        ],
        "line": 19
      },
      "2": {
        "loc": {
          "start": {
            "line": 41,
            "column": 12
          },
          "end": {
            "line": 46,
            "column": 13
          }
        },
        "type": "if",
        "locations": [
          {
            "start": {
              "line": 41,
              "column": 12
            },
            "end": {
              "line": 46,
              "column": 13
            }
          },
          {
            "start": {
              "line": 41,
              "column": 12
            },
            "end": {
              "line": 46,
              "column": 13
            }
          }
        ],
        "line": 41
      },
      "3": {
        "loc": {
          "start": {
            "line": 42,
            "column": 14
          },
          "end": {
            "line": 43,
            "column": 46
          }
        },
        "type": "binary-expr",
        "locations": [
          {
            "start": {
              "line": 42,
              "column": 14
            },
            "end": {
              "line": 42,
              "column": 47
            }
          },
          {
            "start": {
              "line": 43,
              "column": 14
            },
            "end": {
              "line": 43,
              "column": 46
            }
          }
        ],
        "line": 42
      }
    },
    "s": {
      "0": 4,
      "1": 52,
      "2": 52,
      "3": 0,
      "4": 0,
      "5": 0,
      "6": 0,
      "7": 0,
      "8": 0,
      "9": 0,
      "10": 0,
      "11": 0,
      "12": 0,
      "13": 0
    },
    "f": {
      "0": 52,
      "1": 0,
      "2": 0,
      "3": 0,
      "4": 0,
      "5": 0
    },
    "b": {
      "0": [
        0,
        52
      ],
      "1": [
        52,
        52,
        52
      ],
      "2": [
        0,
        0
      ],
      "3": [
        0,
        0
      ]
    },
    "_coverageSchema": "1a1c01bbd47fc00a2c39e90264f33305004495a9",
    "hash": "d2cd85ffdd9cd44798d03600b918857683b190bd"
  },
  "C:\\Users\\Prathmesh Shinde\\Desktop\\postingv2\\src\\components\\HomePage\\Utils\\handleLike.ts": {
    "path": "C:\\Users\\Prathmesh Shinde\\Desktop\\postingv2\\src\\components\\HomePage\\Utils\\handleLike.ts",
    "statementMap": {
      "0": {
        "start": {
          "line": 15,
          "column": 26
        },
        "end": {
          "line": 46,
          "column": 1
        }
      },
      "1": {
        "start": {
          "line": 21,
          "column": 21
        },
        "end": {
          "line": 21,
          "column": 51
        }
      },
      "2": {
        "start": {
          "line": 22,
          "column": 2
        },
        "end": {
          "line": 24,
          "column": 3
        }
      },
      "3": {
        "start": {
          "line": 23,
          "column": 4
        },
        "end": {
          "line": 23,
          "column": 49
        }
      },
      "4": {
        "start": {
          "line": 25,
          "column": 2
        },
        "end": {
          "line": 45,
          "column": 3
        }
      },
      "5": {
        "start": {
          "line": 26,
          "column": 4
        },
        "end": {
          "line": 29,
          "column": 7
        }
      },
      "6": {
        "start": {
          "line": 30,
          "column": 23
        },
        "end": {
          "line": 30,
          "column": 53
        }
      },
      "7": {
        "start": {
          "line": 31,
          "column": 4
        },
        "end": {
          "line": 42,
          "column": 7
        }
      },
      "8": {
        "start": {
          "line": 33,
          "column": 6
        },
        "end": {
          "line": 41,
          "column": 9
        }
      },
      "9": {
        "start": {
          "line": 34,
          "column": 20
        },
        "end": {
          "line": 34,
          "column": 56
        }
      },
      "10": {
        "start": {
          "line": 36,
          "column": 8
        },
        "end": {
          "line": 40,
          "column": 9
        }
      },
      "11": {
        "start": {
          "line": 37,
          "column": 34
        },
        "end": {
          "line": 37,
          "column": 59
        }
      },
      "12": {
        "start": {
          "line": 38,
          "column": 10
        },
        "end": {
          "line": 38,
          "column": 42
        }
      },
      "13": {
        "start": {
          "line": 39,
          "column": 10
        },
        "end": {
          "line": 39,
          "column": 21
        }
      },
      "14": {
        "start": {
          "line": 44,
          "column": 4
        },
        "end": {
          "line": 44,
          "column": 80
        }
      }
    },
    "fnMap": {
      "0": {
        "name": "(anonymous_0)",
        "decl": {
          "start": {
            "line": 15,
            "column": 26
          },
          "end": {
            "line": 15,
            "column": 27
          }
        },
        "loc": {
          "start": {
            "line": 20,
            "column": 5
          },
          "end": {
            "line": 46,
            "column": 1
          }
        },
        "line": 20
      },
      "1": {
        "name": "(anonymous_1)",
        "decl": {
          "start": {
            "line": 31,
            "column": 29
          },
          "end": {
            "line": 31,
            "column": 30
          }
        },
        "loc": {
          "start": {
            "line": 31,
            "column": 43
          },
          "end": {
            "line": 42,
            "column": 5
          }
        },
        "line": 31
      },
      "2": {
        "name": "(anonymous_2)",
        "decl": {
          "start": {
            "line": 33,
            "column": 29
          },
          "end": {
            "line": 33,
            "column": 30
          }
        },
        "loc": {
          "start": {
            "line": 33,
            "column": 43
          },
          "end": {
            "line": 41,
            "column": 7
          }
        },
        "line": 33
      }
    },
    "branchMap": {
      "0": {
        "loc": {
          "start": {
            "line": 22,
            "column": 2
          },
          "end": {
            "line": 24,
            "column": 3
          }
        },
        "type": "if",
        "locations": [
          {
            "start": {
              "line": 22,
              "column": 2
            },
            "end": {
              "line": 24,
              "column": 3
            }
          },
          {
            "start": {
              "line": 22,
              "column": 2
            },
            "end": {
              "line": 24,
              "column": 3
            }
          }
        ],
        "line": 22
      },
      "1": {
        "loc": {
          "start": {
            "line": 36,
            "column": 8
          },
          "end": {
            "line": 40,
            "column": 9
          }
        },
        "type": "if",
        "locations": [
          {
            "start": {
              "line": 36,
              "column": 8
            },
            "end": {
              "line": 40,
              "column": 9
            }
          },
          {
            "start": {
              "line": 36,
              "column": 8
            },
            "end": {
              "line": 40,
              "column": 9
            }
          }
        ],
        "line": 36
      }
    },
    "s": {
      "0": 4,
      "1": 0,
      "2": 0,
      "3": 0,
      "4": 0,
      "5": 0,
      "6": 0,
      "7": 0,
      "8": 0,
      "9": 0,
      "10": 0,
      "11": 0,
      "12": 0,
      "13": 0,
      "14": 0
    },
    "f": {
      "0": 0,
      "1": 0,
      "2": 0
    },
    "b": {
      "0": [
        0,
        0
      ],
      "1": [
        0,
        0
      ]
    },
    "_coverageSchema": "1a1c01bbd47fc00a2c39e90264f33305004495a9",
    "hash": "bd97a5958e7610750f8a2669c28a424b529a3497"
  },
  "C:\\Users\\Prathmesh Shinde\\Desktop\\postingv2\\src\\components\\HomePage\\Utils\\handleDislike.ts": {
    "path": "C:\\Users\\Prathmesh Shinde\\Desktop\\postingv2\\src\\components\\HomePage\\Utils\\handleDislike.ts",
    "statementMap": {
      "0": {
        "start": {
          "line": 13,
          "column": 29
        },
        "end": {
          "line": 72,
          "column": 1
        }
      },
      "1": {
        "start": {
          "line": 23,
          "column": 21
        },
        "end": {
          "line": 23,
          "column": 51
        }
      },
      "2": {
        "start": {
          "line": 24,
          "column": 2
        },
        "end": {
          "line": 26,
          "column": 3
        }
      },
      "3": {
        "start": {
          "line": 25,
          "column": 4
        },
        "end": {
          "line": 25,
          "column": 32
        }
      },
      "4": {
        "start": {
          "line": 28,
          "column": 2
        },
        "end": {
          "line": 49,
          "column": 3
        }
      },
      "5": {
        "start": {
          "line": 30,
          "column": 4
        },
        "end": {
          "line": 48,
          "column": 7
        }
      },
      "6": {
        "start": {
          "line": 31,
          "column": 6
        },
        "end": {
          "line": 47,
          "column": 7
        }
      },
      "7": {
        "start": {
          "line": 33,
          "column": 27
        },
        "end": {
          "line": 33,
          "column": 57
        }
      },
      "8": {
        "start": {
          "line": 34,
          "column": 8
        },
        "end": {
          "line": 44,
          "column": 11
        }
      },
      "9": {
        "start": {
          "line": 35,
          "column": 10
        },
        "end": {
          "line": 43,
          "column": 13
        }
      },
      "10": {
        "start": {
          "line": 36,
          "column": 24
        },
        "end": {
          "line": 36,
          "column": 60
        }
      },
      "11": {
        "start": {
          "line": 37,
          "column": 12
        },
        "end": {
          "line": 42,
          "column": 13
        }
      },
      "12": {
        "start": {
          "line": 39,
          "column": 38
        },
        "end": {
          "line": 39,
          "column": 68
        }
      },
      "13": {
        "start": {
          "line": 40,
          "column": 14
        },
        "end": {
          "line": 40,
          "column": 46
        }
      },
      "14": {
        "start": {
          "line": 41,
          "column": 14
        },
        "end": {
          "line": 41,
          "column": 25
        }
      },
      "15": {
        "start": {
          "line": 46,
          "column": 8
        },
        "end": {
          "line": 46,
          "column": 58
        }
      },
      "16": {
        "start": {
          "line": 51,
          "column": 2
        },
        "end": {
          "line": 71,
          "column": 3
        }
      },
      "17": {
        "start": {
          "line": 52,
          "column": 24
        },
        "end": {
          "line": 69,
          "column": 5
        }
      },
      "18": {
        "start": {
          "line": 54,
          "column": 6
        },
        "end": {
          "line": 68,
          "column": 9
        }
      },
      "19": {
        "start": {
          "line": 55,
          "column": 8
        },
        "end": {
          "line": 67,
          "column": 9
        }
      },
      "20": {
        "start": {
          "line": 56,
          "column": 29
        },
        "end": {
          "line": 56,
          "column": 59
        }
      },
      "21": {
        "start": {
          "line": 57,
          "column": 10
        },
        "end": {
          "line": 65,
          "column": 13
        }
      },
      "22": {
        "start": {
          "line": 58,
          "column": 12
        },
        "end": {
          "line": 64,
          "column": 15
        }
      },
      "23": {
        "start": {
          "line": 59,
          "column": 26
        },
        "end": {
          "line": 59,
          "column": 62
        }
      },
      "24": {
        "start": {
          "line": 60,
          "column": 14
        },
        "end": {
          "line": 63,
          "column": 15
        }
      },
      "25": {
        "start": {
          "line": 61,
          "column": 40
        },
        "end": {
          "line": 61,
          "column": 70
        }
      },
      "26": {
        "start": {
          "line": 62,
          "column": 16
        },
        "end": {
          "line": 62,
          "column": 48
        }
      },
      "27": {
        "start": {
          "line": 66,
          "column": 10
        },
        "end": {
          "line": 66,
          "column": 60
        }
      },
      "28": {
        "start": {
          "line": 70,
          "column": 4
        },
        "end": {
          "line": 70,
          "column": 52
        }
      }
    },
    "fnMap": {
      "0": {
        "name": "(anonymous_0)",
        "decl": {
          "start": {
            "line": 13,
            "column": 29
          },
          "end": {
            "line": 13,
            "column": 30
          }
        },
        "loc": {
          "start": {
            "line": 22,
            "column": 5
          },
          "end": {
            "line": 72,
            "column": 1
          }
        },
        "line": 22
      },
      "1": {
        "name": "(anonymous_1)",
        "decl": {
          "start": {
            "line": 30,
            "column": 24
          },
          "end": {
            "line": 30,
            "column": 25
          }
        },
        "loc": {
          "start": {
            "line": 30,
            "column": 46
          },
          "end": {
            "line": 48,
            "column": 5
          }
        },
        "line": 30
      },
      "2": {
        "name": "(anonymous_2)",
        "decl": {
          "start": {
            "line": 34,
            "column": 33
          },
          "end": {
            "line": 34,
            "column": 34
          }
        },
        "loc": {
          "start": {
            "line": 34,
            "column": 47
          },
          "end": {
            "line": 44,
            "column": 9
          }
        },
        "line": 34
      },
      "3": {
        "name": "(anonymous_3)",
        "decl": {
          "start": {
            "line": 35,
            "column": 33
          },
          "end": {
            "line": 35,
            "column": 34
          }
        },
        "loc": {
          "start": {
            "line": 35,
            "column": 47
          },
          "end": {
            "line": 43,
            "column": 11
          }
        },
        "line": 35
      },
      "4": {
        "name": "(anonymous_4)",
        "decl": {
          "start": {
            "line": 52,
            "column": 24
          },
          "end": {
            "line": 52,
            "column": 25
          }
        },
        "loc": {
          "start": {
            "line": 52,
            "column": 30
          },
          "end": {
            "line": 69,
            "column": 5
          }
        },
        "line": 52
      },
      "5": {
        "name": "(anonymous_5)",
        "decl": {
          "start": {
            "line": 54,
            "column": 26
          },
          "end": {
            "line": 54,
            "column": 27
          }
        },
        "loc": {
          "start": {
            "line": 54,
            "column": 48
          },
          "end": {
            "line": 68,
            "column": 7
          }
        },
        "line": 54
      },
      "6": {
        "name": "(anonymous_6)",
        "decl": {
          "start": {
            "line": 57,
            "column": 35
          },
          "end": {
            "line": 57,
            "column": 36
          }
        },
        "loc": {
          "start": {
            "line": 57,
            "column": 49
          },
          "end": {
            "line": 65,
            "column": 11
          }
        },
        "line": 57
      },
      "7": {
        "name": "(anonymous_7)",
        "decl": {
          "start": {
            "line": 58,
            "column": 35
          },
          "end": {
            "line": 58,
            "column": 36
          }
        },
        "loc": {
          "start": {
            "line": 58,
            "column": 49
          },
          "end": {
            "line": 64,
            "column": 13
          }
        },
        "line": 58
      }
    },
    "branchMap": {
      "0": {
        "loc": {
          "start": {
            "line": 24,
            "column": 2
          },
          "end": {
            "line": 26,
            "column": 3
          }
        },
        "type": "if",
        "locations": [
          {
            "start": {
              "line": 24,
              "column": 2
            },
            "end": {
              "line": 26,
              "column": 3
            }
          },
          {
            "start": {
              "line": 24,
              "column": 2
            },
            "end": {
              "line": 26,
              "column": 3
            }
          }
        ],
        "line": 24
      },
      "1": {
        "loc": {
          "start": {
            "line": 28,
            "column": 2
          },
          "end": {
            "line": 49,
            "column": 3
          }
        },
        "type": "if",
        "locations": [
          {
            "start": {
              "line": 28,
              "column": 2
            },
            "end": {
              "line": 49,
              "column": 3
            }
          },
          {
            "start": {
              "line": 28,
              "column": 2
            },
            "end": {
              "line": 49,
              "column": 3
            }
          }
        ],
        "line": 28
      },
      "2": {
        "loc": {
          "start": {
            "line": 31,
            "column": 6
          },
          "end": {
            "line": 47,
            "column": 7
          }
        },
        "type": "if",
        "locations": [
          {
            "start": {
              "line": 31,
              "column": 6
            },
            "end": {
              "line": 47,
              "column": 7
            }
          },
          {
            "start": {
              "line": 31,
              "column": 6
            },
            "end": {
              "line": 47,
              "column": 7
            }
          }
        ],
        "line": 31
      },
      "3": {
        "loc": {
          "start": {
            "line": 31,
            "column": 10
          },
          "end": {
            "line": 31,
            "column": 74
          }
        },
        "type": "binary-expr",
        "locations": [
          {
            "start": {
              "line": 31,
              "column": 10
            },
            "end": {
              "line": 31,
              "column": 43
            }
          },
          {
            "start": {
              "line": 31,
              "column": 47
            },
            "end": {
              "line": 31,
              "column": 74
            }
          }
        ],
        "line": 31
      },
      "4": {
        "loc": {
          "start": {
            "line": 37,
            "column": 12
          },
          "end": {
            "line": 42,
            "column": 13
          }
        },
        "type": "if",
        "locations": [
          {
            "start": {
              "line": 37,
              "column": 12
            },
            "end": {
              "line": 42,
              "column": 13
            }
          },
          {
            "start": {
              "line": 37,
              "column": 12
            },
            "end": {
              "line": 42,
              "column": 13
            }
          }
        ],
        "line": 37
      },
      "5": {
        "loc": {
          "start": {
            "line": 51,
            "column": 2
          },
          "end": {
            "line": 71,
            "column": 3
          }
        },
        "type": "if",
        "locations": [
          {
            "start": {
              "line": 51,
              "column": 2
            },
            "end": {
              "line": 71,
              "column": 3
            }
          },
          {
            "start": {
              "line": 51,
              "column": 2
            },
            "end": {
              "line": 71,
              "column": 3
            }
          }
        ],
        "line": 51
      },
      "6": {
        "loc": {
          "start": {
            "line": 55,
            "column": 8
          },
          "end": {
            "line": 67,
            "column": 9
          }
        },
        "type": "if",
        "locations": [
          {
            "start": {
              "line": 55,
              "column": 8
            },
            "end": {
              "line": 67,
              "column": 9
            }
          },
          {
            "start": {
              "line": 55,
              "column": 8
            },
            "end": {
              "line": 67,
              "column": 9
            }
          }
        ],
        "line": 55
      },
      "7": {
        "loc": {
          "start": {
            "line": 55,
            "column": 12
          },
          "end": {
            "line": 55,
            "column": 76
          }
        },
        "type": "binary-expr",
        "locations": [
          {
            "start": {
              "line": 55,
              "column": 12
            },
            "end": {
              "line": 55,
              "column": 45
            }
          },
          {
            "start": {
              "line": 55,
              "column": 49
            },
            "end": {
              "line": 55,
              "column": 76
            }
          }
        ],
        "line": 55
      },
      "8": {
        "loc": {
          "start": {
            "line": 60,
            "column": 14
          },
          "end": {
            "line": 63,
            "column": 15
          }
        },
        "type": "if",
        "locations": [
          {
            "start": {
              "line": 60,
              "column": 14
            },
            "end": {
              "line": 63,
              "column": 15
            }
          },
          {
            "start": {
              "line": 60,
              "column": 14
            },
            "end": {
              "line": 63,
              "column": 15
            }
          }
        ],
        "line": 60
      }
    },
    "s": {
      "0": 4,
      "1": 0,
      "2": 0,
      "3": 0,
      "4": 0,
      "5": 0,
      "6": 0,
      "7": 0,
      "8": 0,
      "9": 0,
      "10": 0,
      "11": 0,
      "12": 0,
      "13": 0,
      "14": 0,
      "15": 0,
      "16": 0,
      "17": 0,
      "18": 0,
      "19": 0,
      "20": 0,
      "21": 0,
      "22": 0,
      "23": 0,
      "24": 0,
      "25": 0,
      "26": 0,
      "27": 0,
      "28": 0
    },
    "f": {
      "0": 0,
      "1": 0,
      "2": 0,
      "3": 0,
      "4": 0,
      "5": 0,
      "6": 0,
      "7": 0
    },
    "b": {
      "0": [
        0,
        0
      ],
      "1": [
        0,
        0
      ],
      "2": [
        0,
        0
      ],
      "3": [
        0,
        0
      ],
      "4": [
        0,
        0
      ],
      "5": [
        0,
        0
      ],
      "6": [
        0,
        0
      ],
      "7": [
        0,
        0
      ],
      "8": [
        0,
        0
      ]
    },
    "_coverageSchema": "1a1c01bbd47fc00a2c39e90264f33305004495a9",
    "hash": "7395d47e2e0576b37302454af8bf758f3c8803c2"
  },
  "C:\\Users\\Prathmesh Shinde\\Desktop\\postingv2\\src\\components\\HomePage\\Utils\\handleBookmark.ts": {
    "path": "C:\\Users\\Prathmesh Shinde\\Desktop\\postingv2\\src\\components\\HomePage\\Utils\\handleBookmark.ts",
    "statementMap": {
      "0": {
        "start": {
          "line": 15,
          "column": 30
        },
        "end": {
          "line": 48,
          "column": 1
        }
      },
      "1": {
        "start": {
          "line": 21,
          "column": 21
        },
        "end": {
          "line": 21,
          "column": 51
        }
      },
      "2": {
        "start": {
          "line": 22,
          "column": 2
        },
        "end": {
          "line": 24,
          "column": 3
        }
      },
      "3": {
        "start": {
          "line": 23,
          "column": 4
        },
        "end": {
          "line": 23,
          "column": 53
        }
      },
      "4": {
        "start": {
          "line": 25,
          "column": 2
        },
        "end": {
          "line": 47,
          "column": 3
        }
      },
      "5": {
        "start": {
          "line": 26,
          "column": 4
        },
        "end": {
          "line": 29,
          "column": 7
        }
      },
      "6": {
        "start": {
          "line": 31,
          "column": 26
        },
        "end": {
          "line": 31,
          "column": 56
        }
      },
      "7": {
        "start": {
          "line": 34,
          "column": 4
        },
        "end": {
          "line": 44,
          "column": 7
        }
      },
      "8": {
        "start": {
          "line": 35,
          "column": 6
        },
        "end": {
          "line": 43,
          "column": 9
        }
      },
      "9": {
        "start": {
          "line": 36,
          "column": 20
        },
        "end": {
          "line": 36,
          "column": 64
        }
      },
      "10": {
        "start": {
          "line": 38,
          "column": 8
        },
        "end": {
          "line": 42,
          "column": 9
        }
      },
      "11": {
        "start": {
          "line": 39,
          "column": 39
        },
        "end": {
          "line": 39,
          "column": 64
        }
      },
      "12": {
        "start": {
          "line": 40,
          "column": 10
        },
        "end": {
          "line": 40,
          "column": 47
        }
      },
      "13": {
        "start": {
          "line": 41,
          "column": 10
        },
        "end": {
          "line": 41,
          "column": 21
        }
      },
      "14": {
        "start": {
          "line": 46,
          "column": 4
        },
        "end": {
          "line": 46,
          "column": 80
        }
      }
    },
    "fnMap": {
      "0": {
        "name": "(anonymous_0)",
        "decl": {
          "start": {
            "line": 15,
            "column": 30
          },
          "end": {
            "line": 15,
            "column": 31
          }
        },
        "loc": {
          "start": {
            "line": 20,
            "column": 5
          },
          "end": {
            "line": 48,
            "column": 1
          }
        },
        "line": 20
      },
      "1": {
        "name": "(anonymous_1)",
        "decl": {
          "start": {
            "line": 34,
            "column": 32
          },
          "end": {
            "line": 34,
            "column": 33
          }
        },
        "loc": {
          "start": {
            "line": 34,
            "column": 46
          },
          "end": {
            "line": 44,
            "column": 5
          }
        },
        "line": 34
      },
      "2": {
        "name": "(anonymous_2)",
        "decl": {
          "start": {
            "line": 35,
            "column": 29
          },
          "end": {
            "line": 35,
            "column": 30
          }
        },
        "loc": {
          "start": {
            "line": 35,
            "column": 43
          },
          "end": {
            "line": 43,
            "column": 7
          }
        },
        "line": 35
      }
    },
    "branchMap": {
      "0": {
        "loc": {
          "start": {
            "line": 22,
            "column": 2
          },
          "end": {
            "line": 24,
            "column": 3
          }
        },
        "type": "if",
        "locations": [
          {
            "start": {
              "line": 22,
              "column": 2
            },
            "end": {
              "line": 24,
              "column": 3
            }
          },
          {
            "start": {
              "line": 22,
              "column": 2
            },
            "end": {
              "line": 24,
              "column": 3
            }
          }
        ],
        "line": 22
      },
      "1": {
        "loc": {
          "start": {
            "line": 38,
            "column": 8
          },
          "end": {
            "line": 42,
            "column": 9
          }
        },
        "type": "if",
        "locations": [
          {
            "start": {
              "line": 38,
              "column": 8
            },
            "end": {
              "line": 42,
              "column": 9
            }
          },
          {
            "start": {
              "line": 38,
              "column": 8
            },
            "end": {
              "line": 42,
              "column": 9
            }
          }
        ],
        "line": 38
      }
    },
    "s": {
      "0": 4,
      "1": 0,
      "2": 0,
      "3": 0,
      "4": 0,
      "5": 0,
      "6": 0,
      "7": 0,
      "8": 0,
      "9": 0,
      "10": 0,
      "11": 0,
      "12": 0,
      "13": 0,
      "14": 0
    },
    "f": {
      "0": 0,
      "1": 0,
      "2": 0
    },
    "b": {
      "0": [
        0,
        0
      ],
      "1": [
        0,
        0
      ]
    },
    "_coverageSchema": "1a1c01bbd47fc00a2c39e90264f33305004495a9",
    "hash": "80e0002f5868bf3e7f5ae5690c40637d651918f7"
  },
  "C:\\Users\\Prathmesh Shinde\\Desktop\\postingv2\\src\\components\\HomePage\\Utils\\removeBookmarkPosts.ts": {
    "path": "C:\\Users\\Prathmesh Shinde\\Desktop\\postingv2\\src\\components\\HomePage\\Utils\\removeBookmarkPosts.ts",
    "statementMap": {
      "0": {
        "start": {
          "line": 13,
          "column": 36
        },
        "end": {
          "line": 72,
          "column": 1
        }
      },
      "1": {
        "start": {
          "line": 23,
          "column": 21
        },
        "end": {
          "line": 23,
          "column": 51
        }
      },
      "2": {
        "start": {
          "line": 24,
          "column": 2
        },
        "end": {
          "line": 26,
          "column": 3
        }
      },
      "3": {
        "start": {
          "line": 25,
          "column": 4
        },
        "end": {
          "line": 25,
          "column": 32
        }
      },
      "4": {
        "start": {
          "line": 28,
          "column": 2
        },
        "end": {
          "line": 48,
          "column": 3
        }
      },
      "5": {
        "start": {
          "line": 30,
          "column": 4
        },
        "end": {
          "line": 47,
          "column": 7
        }
      },
      "6": {
        "start": {
          "line": 31,
          "column": 6
        },
        "end": {
          "line": 46,
          "column": 7
        }
      },
      "7": {
        "start": {
          "line": 32,
          "column": 8
        },
        "end": {
          "line": 32,
          "column": 66
        }
      },
      "8": {
        "start": {
          "line": 34,
          "column": 30
        },
        "end": {
          "line": 34,
          "column": 60
        }
      },
      "9": {
        "start": {
          "line": 35,
          "column": 8
        },
        "end": {
          "line": 45,
          "column": 11
        }
      },
      "10": {
        "start": {
          "line": 36,
          "column": 10
        },
        "end": {
          "line": 44,
          "column": 13
        }
      },
      "11": {
        "start": {
          "line": 37,
          "column": 24
        },
        "end": {
          "line": 37,
          "column": 68
        }
      },
      "12": {
        "start": {
          "line": 38,
          "column": 12
        },
        "end": {
          "line": 43,
          "column": 13
        }
      },
      "13": {
        "start": {
          "line": 40,
          "column": 42
        },
        "end": {
          "line": 40,
          "column": 72
        }
      },
      "14": {
        "start": {
          "line": 41,
          "column": 14
        },
        "end": {
          "line": 41,
          "column": 50
        }
      },
      "15": {
        "start": {
          "line": 42,
          "column": 14
        },
        "end": {
          "line": 42,
          "column": 25
        }
      },
      "16": {
        "start": {
          "line": 50,
          "column": 2
        },
        "end": {
          "line": 71,
          "column": 3
        }
      },
      "17": {
        "start": {
          "line": 51,
          "column": 27
        },
        "end": {
          "line": 69,
          "column": 8
        }
      },
      "18": {
        "start": {
          "line": 53,
          "column": 6
        },
        "end": {
          "line": 69,
          "column": 8
        }
      },
      "19": {
        "start": {
          "line": 54,
          "column": 8
        },
        "end": {
          "line": 68,
          "column": 9
        }
      },
      "20": {
        "start": {
          "line": 55,
          "column": 10
        },
        "end": {
          "line": 55,
          "column": 68
        }
      },
      "21": {
[...]
            }
          },
          {
            "start": {
              "line": 276,
              "column": 22
            },
            "end": {
              "line": 276,
              "column": 47
            }
          }
        ],
        "line": 275
      },
      "8": {
        "loc": {
          "start": {
            "line": 327,
            "column": 13
          },
          "end": {
            "line": 416,
            "column": 13
          }
        },
        "type": "cond-expr",
        "locations": [
          {
            "start": {
              "line": 328,
              "column": 14
            },
            "end": {
              "line": 328,
              "column": 59
            }
          },
          {
            "start": {
              "line": 330,
              "column": 14
            },
            "end": {
              "line": 415,
              "column": 17
            }
          }
        ],
        "line": 327
      },
      "9": {
        "loc": {
          "start": {
            "line": 331,
            "column": 17
          },
          "end": {
            "line": 414,
            "column": 17
          }
        },
        "type": "cond-expr",
        "locations": [
          {
            "start": {
              "line": 332,
              "column": 18
            },
            "end": {
              "line": 336,
              "column": 24
            }
          },
          {
            "start": {
              "line": 338,
              "column": 18
            },
            "end": {
              "line": 413,
              "column": 28
            }
          }
        ],
        "line": 331
      },
      "10": {
        "loc": {
          "start": {
            "line": 384,
            "column": 26
          },
          "end": {
            "line": 393,
            "column": 27
          }
        },
        "type": "if",
        "locations": [
          {
            "start": {
              "line": 384,
              "column": 26
            },
            "end": {
              "line": 393,
              "column": 27
            }
          },
          {
            "start": {
              "line": 384,
              "column": 26
            },
            "end": {
              "line": 393,
              "column": 27
            }
          }
        ],
        "line": 384
      }
    },
    "s": {
      "0": 4,
      "1": 4,
      "2": 0,
      "3": 0,
      "4": 0,
      "5": 0,
      "6": 0,
      "7": 0,
      "8": 0,
      "9": 0,
      "10": 0,
      "11": 0,
      "12": 0,
      "13": 0,
      "14": 0,
      "15": 0,
      "16": 0,
      "17": 0,
      "18": 0,
      "19": 0,
      "20": 0,
      "21": 0,
      "22": 0,
      "23": 0,
      "24": 0,
      "25": 0,
      "26": 0,
      "27": 0,
      "28": 0,
      "29": 0,
      "30": 0,
      "31": 0,
      "32": 0,
      "33": 0,
      "34": 0,
      "35": 0,
      "36": 0,
      "37": 0,
      "38": 0,
      "39": 0,
      "40": 0,
      "41": 0,
      "42": 0,
      "43": 0,
      "44": 0,
      "45": 0,
      "46": 0,
      "47": 0,
      "48": 0,
      "49": 0,
      "50": 0,
      "51": 0,
      "52": 0,
      "53": 0,
      "54": 0,
      "55": 0,
      "56": 0,
      "57": 0,
      "58": 0,
      "59": 0
    },
    "f": {
      "0": 0,
      "1": 0,
      "2": 0,
      "3": 0,
      "4": 0,
      "5": 0,
      "6": 0,
      "7": 0,
      "8": 0,
      "9": 0,
      "10": 0,
      "11": 0,
      "12": 0,
      "13": 0,
      "14": 0,
      "15": 0,
      "16": 0,
      "17": 0,
      "18": 0,
      "19": 0,
      "20": 0,
      "21": 0,
      "22": 0,
      "23": 0
    },
    "b": {
      "0": [
        0,
        0
      ],
      "1": [
        0,
        0
      ],
      "2": [
        0,
        0
      ],
      "3": [
        0,
        0
      ],
      "4": [
        0,
        0
      ],
      "5": [
        0,
        0
      ],
      "6": [
        0,
        0
      ],
      "7": [
        0,
        0
      ],
      "8": [
        0,
        0
      ],
      "9": [
        0,
        0
      ],
      "10": [
        0,
        0
      ]
    },
    "_coverageSchema": "1a1c01bbd47fc00a2c39e90264f33305004495a9",
    "hash": "6eed6533659fdd8288fd84757ca54d3b1f48ffc6"
  },
  "C:\\Users\\Prathmesh Shinde\\Desktop\\postingv2\\src\\App.tsx": {
    "path": "C:\\Users\\Prathmesh Shinde\\Desktop\\postingv2\\src\\App.tsx",
    "statementMap": {
      "0": {
        "start": {
          "line": 29,
          "column": 0
        },
        "end": {
          "line": 29,
          "column": 37
        }
      },
      "1": {
        "start": {
          "line": 30,
          "column": 18
        },
        "end": {
          "line": 30,
          "column": 32
        }
      },
      "2": {
        "start": {
          "line": 33,
          "column": 28
        },
        "end": {
          "line": 33,
          "column": 49
        }
      },
      "3": {
        "start": {
          "line": 34,
          "column": 32
        },
        "end": {
          "line": 34,
          "column": 55
        }
      },
      "4": {
        "start": {
          "line": 35,
          "column": 30
        },
        "end": {
          "line": 35,
          "column": 50
        }
      },
      "5": {
        "start": {
          "line": 36,
          "column": 38
        },
        "end": {
          "line": 36,
          "column": 65
        }
      },
      "6": {
        "start": {
          "line": 37,
          "column": 46
        },
        "end": {
          "line": 37,
          "column": 79
        }
      },
      "7": {
        "start": {
          "line": 38,
          "column": 42
        },
        "end": {
          "line": 38,
          "column": 72
        }
      },
      "8": {
        "start": {
          "line": 39,
          "column": 56
        },
        "end": {
          "line": 41,
          "column": 7
        }
      },
      "9": {
        "start": {
          "line": 42,
          "column": 19
        },
        "end": {
          "line": 42,
          "column": 32
        }
      },
      "10": {
        "start": {
          "line": 43,
          "column": 44
        },
        "end": {
          "line": 43,
          "column": 67
        }
      },
      "11": {
        "start": {
          "line": 44,
          "column": 40
        },
        "end": {
          "line": 44,
          "column": 62
        }
      },
      "12": {
        "start": {
          "line": 45,
          "column": 46
        },
        "end": {
          "line": 45,
          "column": 68
        }
      },
      "13": {
        "start": {
          "line": 46,
          "column": 40
        },
        "end": {
          "line": 46,
          "column": 64
        }
      },
      "14": {
        "start": {
          "line": 48,
          "column": 28
        },
        "end": {
          "line": 58,
          "column": 3
        }
      },
      "15": {
        "start": {
          "line": 49,
          "column": 4
        },
        "end": {
          "line": 57,
          "column": 5
        }
      },
      "16": {
        "start": {
          "line": 50,
          "column": 6
        },
        "end": {
          "line": 56,
          "column": 7
        }
      },
      "17": {
        "start": {
          "line": 54,
          "column": 8
        },
        "end": {
          "line": 54,
          "column": 49
        }
      },
      "18": {
        "start": {
          "line": 54,
          "column": 33
        },
        "end": {
          "line": 54,
          "column": 47
        }
      },
      "19": {
        "start": {
          "line": 55,
          "column": 8
        },
        "end": {
          "line": 55,
          "column": 32
        }
      },
      "20": {
        "start": {
          "line": 60,
          "column": 2
        },
        "end": {
          "line": 68,
          "column": 28
        }
      },
      "21": {
        "start": {
          "line": 61,
          "column": 4
        },
        "end": {
          "line": 61,
          "column": 68
        }
      },
      "22": {
        "start": {
          "line": 62,
          "column": 4
        },
        "end": {
          "line": 66,
          "column": 6
        }
      },
      "23": {
        "start": {
          "line": 67,
          "column": 4
        },
        "end": {
          "line": 67,
          "column": 50
        }
      },
      "24": {
        "start": {
          "line": 70,
          "column": 2
        },
        "end": {
          "line": 156,
          "column": 4
        }
      },
      "25": {
        "start": {
          "line": 71,
          "column": 41
        },
        "end": {
          "line": 71,
          "column": 61
        }
      }
    },
    "fnMap": {
      "0": {
        "name": "App",
        "decl": {
          "start": {
            "line": 32,
            "column": 9
          },
          "end": {
            "line": 32,
            "column": 12
          }
        },
        "loc": {
          "start": {
            "line": 32,
            "column": 15
          },
          "end": {
            "line": 157,
            "column": 1
          }
        },
        "line": 32
      },
      "1": {
        "name": "(anonymous_1)",
        "decl": {
          "start": {
            "line": 48,
            "column": 28
          },
          "end": {
            "line": 48,
            "column": 29
          }
        },
        "loc": {
          "start": {
            "line": 48,
            "column": 63
          },
          "end": {
            "line": 58,
            "column": 3
          }
        },
        "line": 48
      },
      "2": {
        "name": "(anonymous_2)",
        "decl": {
          "start": {
            "line": 54,
            "column": 18
          },
          "end": {
            "line": 54,
            "column": 19
          }
        },
        "loc": {
          "start": {
            "line": 54,
            "column": 33
          },
          "end": {
            "line": 54,
            "column": 47
          }
        },
        "line": 54
      },
      "3": {
        "name": "(anonymous_3)",
        "decl": {
          "start": {
            "line": 60,
            "column": 12
          },
          "end": {
            "line": 60,
            "column": 13
          }
        },
        "loc": {
          "start": {
            "line": 60,
            "column": 18
          },
          "end": {
            "line": 68,
            "column": 3
          }
        },
        "line": 60
      },
      "4": {
        "name": "(anonymous_4)",
        "decl": {
          "start": {
            "line": 71,
            "column": 34
          },
          "end": {
            "line": 71,
            "column": 35
          }
        },
        "loc": {
          "start": {
            "line": 71,
            "column": 41
          },
          "end": {
            "line": 71,
            "column": 61
          }
        },
        "line": 71
      }
    },
    "branchMap": {
      "0": {
        "loc": {
          "start": {
            "line": 49,
            "column": 4
          },
          "end": {
            "line": 57,
            "column": 5
          }
        },
        "type": "if",
        "locations": [
          {
            "start": {
              "line": 49,
              "column": 4
            },
            "end": {
              "line": 57,
              "column": 5
            }
          },
          {
            "start": {
              "line": 49,
              "column": 4
            },
            "end": {
              "line": 57,
              "column": 5
            }
          }
        ],
        "line": 49
      },
      "1": {
        "loc": {
          "start": {
            "line": 50,
            "column": 6
          },
          "end": {
            "line": 56,
            "column": 7
          }
        },
        "type": "if",
        "locations": [
          {
            "start": {
              "line": 50,
              "column": 6
            },
            "end": {
              "line": 56,
              "column": 7
            }
          },
          {
            "start": {
              "line": 50,
              "column": 6
            },
            "end": {
              "line": 56,
              "column": 7
            }
          }
        ],
        "line": 50
      },
      "2": {
        "loc": {
          "start": {
            "line": 74,
            "column": 11
          },
          "end": {
            "line": 76,
            "column": 18
          }
        },
        "type": "cond-expr",
        "locations": [
          {
            "start": {
              "line": 75,
              "column": 12
            },
            "end": {
              "line": 75,
              "column": 23
            }
          },
          {
            "start": {
              "line": 76,
              "column": 14
            },
            "end": {
              "line": 76,
              "column": 18
            }
          }
        ],
        "line": 74
      },
      "3": {
        "loc": {
          "start": {
            "line": 74,
            "column": 11
          },
          "end": {
            "line": 74,
            "column": 76
          }
        },
        "type": "binary-expr",
        "locations": [
          {
            "start": {
              "line": 74,
              "column": 11
            },
            "end": {
              "line": 74,
              "column": 41
            }
          },
          {
            "start": {
              "line": 74,
              "column": 45
            },
            "end": {
              "line": 74,
              "column": 76
            }
          }
        ],
        "line": 74
      }
    },
    "s": {
      "0": 4,
      "1": 4,
      "2": 25,
      "3": 24,
      "4": 24,
      "5": 24,
      "6": 24,
      "7": 24,
      "8": 24,
      "9": 24,
      "10": 24,
      "11": 24,
      "12": 24,
      "13": 24,
      "14": 24,
      "15": 30,
      "16": 4,
      "17": 4,
      "18": 4,
      "19": 4,
      "20": 24,
      "21": 12,
      "22": 12,
      "23": 12,
      "24": 24,
      "25": 30
    },
    "f": {
      "0": 25,
      "1": 30,
      "2": 4,
      "3": 12,
      "4": 30
    },
    "b": {
      "0": [
        4,
        26
      ],
      "1": [
        4,
        0
      ],
      "2": [
        24,
        0
      ],
      "3": [
        24,
        24
      ]
    },
    "_coverageSchema": "1a1c01bbd47fc00a2c39e90264f33305004495a9",
    "hash": "6524bb88ae591633ed571b07b9dab7924bc75b28"
  },
  "C:\\Users\\Prathmesh Shinde\\Desktop\\postingv2\\src\\reportWebVitals.ts": {
    "path": "C:\\Users\\Prathmesh Shinde\\Desktop\\postingv2\\src\\reportWebVitals.ts",
    "statementMap": {
      "0": {
        "start": {
          "line": 3,
          "column": 24
        },
        "end": {
          "line": 13,
          "column": 1
        }
      },
      "1": {
        "start": {
          "line": 4,
          "column": 2
        },
        "end": {
          "line": 12,
          "column": 3
        }
      },
      "2": {
        "start": {
          "line": 5,
          "column": 4
        },
        "end": {
          "line": 11,
          "column": 7
        }
      },
      "3": {
        "start": {
          "line": 6,
          "column": 6
        },
        "end": {
          "line": 6,
          "column": 26
        }
      },
      "4": {
        "start": {
          "line": 7,
          "column": 6
        },
        "end": {
          "line": 7,
          "column": 26
        }
      },
      "5": {
        "start": {
          "line": 8,
          "column": 6
        },
        "end": {
          "line": 8,
          "column": 26
        }
      },
      "6": {
        "start": {
          "line": 9,
          "column": 6
        },
        "end": {
          "line": 9,
          "column": 26
        }
      },
      "7": {
        "start": {
          "line": 10,
          "column": 6
        },
        "end": {
          "line": 10,
          "column": 27
        }
      }
    },
    "fnMap": {
      "0": {
        "name": "(anonymous_0)",
        "decl": {
          "start": {
            "line": 3,
            "column": 24
          },
          "end": {
            "line": 3,
            "column": 25
          }
        },
        "loc": {
          "start": {
            "line": 3,
            "column": 57
          },
          "end": {
            "line": 13,
            "column": 1
          }
        },
        "line": 3
      },
      "1": {
        "name": "(anonymous_1)",
        "decl": {
          "start": {
            "line": 5,
            "column": 30
          },
          "end": {
            "line": 5,
            "column": 31
          }
        },
        "loc": {
          "start": {
            "line": 5,
            "column": 79
          },
          "end": {
            "line": 11,
            "column": 5
          }
        },
        "line": 5
      }
    },
    "branchMap": {
      "0": {
        "loc": {
          "start": {
            "line": 4,
            "column": 2
          },
          "end": {
            "line": 12,
            "column": 3
          }
        },
        "type": "if",
        "locations": [
          {
            "start": {
              "line": 4,
              "column": 2
            },
            "end": {
              "line": 12,
              "column": 3
            }
          },
          {
            "start": {
              "line": 4,
              "column": 2
            },
            "end": {
              "line": 12,
              "column": 3
            }
          }
        ],
        "line": 4
      },
      "1": {
        "loc": {
          "start": {
            "line": 4,
            "column": 6
          },
          "end": {
            "line": 4,
            "column": 52
          }
        },
        "type": "binary-expr",
        "locations": [
          {
            "start": {
              "line": 4,
              "column": 6
            },
            "end": {
              "line": 4,
              "column": 17
            }
          },
          {
            "start": {
              "line": 4,
              "column": 21
            },
            "end": {
              "line": 4,
              "column": 52
            }
          }
        ],
        "line": 4
      }
    },
    "s": {
      "0": 4,
      "1": 4,
      "2": 0,
      "3": 0,
      "4": 0,
      "5": 0,
      "6": 0,
      "7": 0
    },
    "f": {
      "0": 4,
      "1": 0
    },
    "b": {
      "0": [
        0,
        4
      ],
      "1": [
        4,
        0
      ]
    },
    "_coverageSchema": "1a1c01bbd47fc00a2c39e90264f33305004495a9",
    "hash": "c08cafaea0ad2ad38339d896ad1d39a2fbf02beb"
  },
  "C:\\Users\\Prathmesh Shinde\\Desktop\\postingv2\\src\\index.tsx": {
    "path": "C:\\Users\\Prathmesh Shinde\\Desktop\\postingv2\\src\\index.tsx",
    "statementMap": {
      "0": {
        "start": {
          "line": 10,
          "column": 13
        },
        "end": {
          "line": 12,
          "column": 1
        }
      },
      "1": {
        "start": {
          "line": 13,
          "column": 0
        },
        "end": {
          "line": 21,
          "column": 2
        }
      },
      "2": {
        "start": {
          "line": 26,
          "column": 0
        },
        "end": {
          "line": 26,
          "column": 18
        }
      }
    },
    "fnMap": {},
    "branchMap": {},
    "s": {
      "0": 4,
      "1": 4,
      "2": 4
    },
    "f": {},
    "b": {},
    "_coverageSchema": "1a1c01bbd47fc00a2c39e90264f33305004495a9",
    "hash": "e9fa6ebae70b9fa8762ff119352c173455e6ec14"
  }
}