{
  "C:\\Users\\Prathmesh Shinde\\Desktop\\postingv2\\src\\context\\AuthContext.tsx": {
    "path": "C:\\Users\\Prathmesh Shinde\\Desktop\\postingv2\\src\\context\\AuthContext.tsx",
    "statementMap": {
      "0": {
        "start": {
          "line": 17,
          "column": 28
        },
        "end": {
          "line": 17,
          "column": 51
        }
      },
      "1": {
        "start": {
          "line": 20,
          "column": 2
        },
        "end": {
          "line": 20,
          "column": 34
        }
      },
      "2": {
        "start": {
          "line": 23,
          "column": 49
        },
        "end": {
          "line": 96,
          "column": 1
        }
      },
      "3": {
        "start": {
          "line": 24,
          "column": 23
        },
        "end": {
          "line": 24,
          "column": 28
        }
      },
      "4": {
        "start": {
          "line": 25,
          "column": 15
        },
        "end": {
          "line": 25,
          "column": 24
        }
      },
      "5": {
        "start": {
          "line": 26,
          "column": 32
        },
        "end": {
          "line": 26,
          "column": 56
        }
      },
      "6": {
        "start": {
          "line": 28,
          "column": 26
        },
        "end": {
          "line": 28,
          "column": 45
        }
      },
      "7": {
        "start": {
          "line": 29,
          "column": 34
        },
        "end": {
          "line": 29,
          "column": 54
        }
      },
      "8": {
        "start": {
          "line": 30,
          "column": 34
        },
        "end": {
          "line": 30,
          "column": 55
        }
      },
      "9": {
        "start": {
          "line": 31,
          "column": 32
        },
        "end": {
          "line": 31,
          "column": 52
        }
      },
      "10": {
        "start": {
          "line": 32,
          "column": 46
        },
        "end": {
          "line": 32,
          "column": 70
        }
      },
      "11": {
        "start": {
          "line": 35,
          "column": 4
        },
        "end": {
          "line": 35,
          "column": 65
        }
      },
      "12": {
        "start": {
          "line": 39,
          "column": 4
        },
        "end": {
          "line": 39,
          "column": 61
        }
      },
      "13": {
        "start": {
          "line": 42,
          "column": 4
        },
        "end": {
          "line": 42,
          "column": 38
        }
      },
      "14": {
        "start": {
          "line": 43,
          "column": 4
        },
        "end": {
          "line": 43,
          "column": 25
        }
      },
      "15": {
        "start": {
          "line": 47,
          "column": 14
        },
        "end": {
          "line": 47,
          "column": 75
        }
      },
      "16": {
        "start": {
          "line": 48,
          "column": 26
        },
        "end": {
          "line": 48,
          "column": 42
        }
      },
      "17": {
        "start": {
          "line": 49,
          "column": 4
        },
        "end": {
          "line": 55,
          "column": 7
        }
      },
      "18": {
        "start": {
          "line": 50,
          "column": 27
        },
        "end": {
          "line": 50,
          "column": 37
        }
      },
      "19": {
        "start": {
          "line": 51,
          "column": 6
        },
        "end": {
          "line": 51,
          "column": 25
        }
      },
      "20": {
        "start": {
          "line": 52,
          "column": 6
        },
        "end": {
          "line": 52,
          "column": 32
        }
      },
      "21": {
        "start": {
          "line": 53,
          "column": 6
        },
        "end": {
          "line": 53,
          "column": 41
        }
      },
      "22": {
        "start": {
          "line": 54,
          "column": 6
        },
        "end": {
          "line": 54,
          "column": 58
        }
      },
      "23": {
        "start": {
          "line": 58,
          "column": 2
        },
        "end": {
          "line": 67,
          "column": 13
        }
      },
      "24": {
        "start": {
          "line": 59,
          "column": 22
        },
        "end": {
          "line": 64,
          "column": 6
        }
      },
      "25": {
        "start": {
          "line": 60,
          "column": 6
        },
        "end": {
          "line": 63,
          "column": 7
        }
      },
      "26": {
        "start": {
          "line": 61,
          "column": 8
        },
        "end": {
          "line": 61,
          "column": 26
        }
      },
      "27": {
        "start": {
          "line": 62,
          "column": 8
        },
        "end": {
          "line": 62,
          "column": 29
        }
      },
      "28": {
        "start": {
          "line": 66,
          "column": 4
        },
        "end": {
          "line": 66,
          "column": 29
        }
      },
      "29": {
        "start": {
          "line": 66,
          "column": 17
        },
        "end": {
          "line": 66,
          "column": 28
        }
      },
      "30": {
        "start": {
          "line": 69,
          "column": 2
        },
        "end": {
          "line": 74,
          "column": 29
        }
      },
      "31": {
        "start": {
          "line": 71,
          "column": 4
        },
        "end": {
          "line": 73,
          "column": 5
        }
      },
      "32": {
        "start": {
          "line": 72,
          "column": 6
        },
        "end": {
          "line": 72,
          "column": 28
        }
      },
      "33": {
        "start": {
          "line": 76,
          "column": 2
        },
        "end": {
          "line": 76,
          "column": 41
        }
      },
      "34": {
        "start": {
          "line": 76,
          "column": 15
        },
        "end": {
          "line": 76,
          "column": 41
        }
      },
      "35": {
        "start": {
          "line": 78,
          "column": 2
        },
        "end": {
          "line": 95,
          "column": 4
        }
      }
    },
    "fnMap": {
      "0": {
        "name": "useUserAuth",
        "decl": {
          "start": {
            "line": 19,
            "column": 16
          },
          "end": {
            "line": 19,
            "column": 27
          }
        },
        "loc": {
          "start": {
            "line": 19,
            "column": 30
          },
          "end": {
            "line": 21,
            "column": 1
          }
        },
        "line": 19
      },
      "1": {
        "name": "(anonymous_1)",
        "decl": {
          "start": {
            "line": 23,
            "column": 49
          },
          "end": {
            "line": 23,
            "column": 50
          }
        },
        "loc": {
          "start": {
            "line": 23,
            "column": 60
          },
          "end": {
            "line": 96,
            "column": 1
          }
        },
        "line": 23
      },
      "2": {
        "name": "signup",
        "decl": {
          "start": {
            "line": 34,
            "column": 11
          },
          "end": {
            "line": 34,
            "column": 17
          }
        },
        "loc": {
          "start": {
            "line": 34,
            "column": 51
          },
          "end": {
            "line": 36,
            "column": 3
          }
        },
        "line": 34
      },
      "3": {
        "name": "login",
        "decl": {
          "start": {
            "line": 38,
            "column": 11
          },
          "end": {
            "line": 38,
            "column": 16
          }
        },
        "loc": {
          "start": {
            "line": 38,
            "column": 50
          },
          "end": {
            "line": 40,
            "column": 3
          }
        },
        "line": 38
      },
      "4": {
        "name": "signout",
        "decl": {
          "start": {
            "line": 41,
            "column": 11
          },
          "end": {
            "line": 41,
            "column": 18
          }
        },
        "loc": {
          "start": {
            "line": 41,
            "column": 21
          },
          "end": {
            "line": 44,
            "column": 3
          }
        },
        "line": 41
      },
      "5": {
        "name": "getUsername",
        "decl": {
          "start": {
            "line": 46,
            "column": 17
          },
          "end": {
            "line": 46,
            "column": 28
          }
        },
        "loc": {
          "start": {
            "line": 46,
            "column": 45
          },
          "end": {
            "line": 56,
            "column": 3
          }
        },
        "line": 46
      },
      "6": {
        "name": "(anonymous_6)",
        "decl": {
          "start": {
            "line": 49,
            "column": 26
          },
          "end": {
            "line": 49,
            "column": 27
          }
        },
        "loc": {
          "start": {
            "line": 49,
            "column": 35
          },
          "end": {
            "line": 55,
            "column": 5
          }
        },
        "line": 49
      },
      "7": {
        "name": "(anonymous_7)",
        "decl": {
          "start": {
            "line": 58,
            "column": 12
          },
          "end": {
            "line": 58,
            "column": 13
          }
        },
        "loc": {
          "start": {
            "line": 58,
            "column": 18
          },
          "end": {
            "line": 67,
            "column": 3
          }
        },
        "line": 58
      },
      "8": {
        "name": "(anonymous_8)",
        "decl": {
          "start": {
            "line": 59,
            "column": 47
          },
          "end": {
            "line": 59,
            "column": 48
          }
        },
        "loc": {
          "start": {
            "line": 59,
            "column": 64
          },
          "end": {
            "line": 64,
            "column": 5
          }
        },
        "line": 59
      },
      "9": {
        "name": "(anonymous_9)",
        "decl": {
          "start": {
            "line": 66,
            "column": 11
          },
          "end": {
            "line": 66,
            "column": 12
          }
        },
        "loc": {
          "start": {
            "line": 66,
            "column": 17
          },
          "end": {
            "line": 66,
            "column": 28
          }
        },
        "line": 66
      },
      "10": {
        "name": "(anonymous_10)",
        "decl": {
          "start": {
            "line": 69,
            "column": 12
          },
          "end": {
            "line": 69,
            "column": 13
          }
        },
        "loc": {
          "start": {
            "line": 69,
            "column": 18
          },
          "end": {
            "line": 74,
            "column": 3
          }
        },
        "line": 69
      }
    },
    "branchMap": {
      "0": {
        "loc": {
          "start": {
            "line": 60,
            "column": 6
          },
          "end": {
            "line": 63,
            "column": 7
          }
        },
        "type": "if",
        "locations": [
          {
            "start": {
              "line": 60,
              "column": 6
            },
            "end": {
              "line": 63,
              "column": 7
            }
          },
          {
            "start": {
              "line": 60,
              "column": 6
            },
            "end": {
              "line": 63,
              "column": 7
            }
          }
        ],
        "line": 60
      },
      "1": {
        "loc": {
          "start": {
            "line": 71,
            "column": 4
          },
          "end": {
            "line": 73,
            "column": 5
          }
        },
        "type": "if",
        "locations": [
          {
            "start": {
              "line": 71,
              "column": 4
            },
            "end": {
              "line": 73,
              "column": 5
            }
          },
          {
            "start": {
              "line": 71,
              "column": 4
            },
            "end": {
              "line": 73,
              "column": 5
            }
          }
        ],
        "line": 71
      },
      "2": {
        "loc": {
          "start": {
            "line": 76,
            "column": 2
          },
          "end": {
            "line": 76,
            "column": 41
          }
        },
        "type": "if",
        "locations": [
          {
            "start": {
              "line": 76,
              "column": 2
            },
            "end": {
              "line": 76,
              "column": 41
            }
          },
          {
            "start": {
              "line": 76,
              "column": 2
            },
            "end": {
              "line": 76,
              "column": 41
            }
          }
        ],
        "line": 76
      }
    },
    "s": {
      "0": 13,
      "1": 626,
      "2": 13,
      "3": 129,
      "4": 128,
      "5": 128,
      "6": 128,
      "7": 128,
      "8": 128,
      "9": 128,
      "10": 128,
      "11": 0,
      "12": 4,
      "13": 0,
      "14": 0,
      "15": 9,
      "16": 9,
      "17": 9,
      "18": 9,
      "19": 9,
      "20": 9,
      "21": 9,
      "22": 9,
      "23": 128,
      "24": 26,
      "25": 11,
      "26": 8,
      "27": 8,
      "28": 26,
      "29": 13,
      "30": 128,
      "31": 35,
      "32": 9,
      "33": 128,
      "34": 0,
      "35": 128
    },
    "f": {
      "0": 626,
      "1": 129,
      "2": 0,
      "3": 4,
      "4": 0,
      "5": 9,
      "6": 9,
      "7": 26,
      "8": 11,
      "9": 13,
      "10": 35
    },
    "b": {
      "0": [
        8,
        3
      ],
      "1": [
        9,
        26
      ],
      "2": [
        0,
        128
      ]
    },
    "_coverageSchema": "1a1c01bbd47fc00a2c39e90264f33305004495a9",
    "hash": "d246ac83601cb7296b5b983b9bebd4b807822621"
  },
  "C:\\Users\\Prathmesh Shinde\\Desktop\\postingv2\\src\\components\\HomePage\\ResponsiveNav.tsx": {
    "path": "C:\\Users\\Prathmesh Shinde\\Desktop\\postingv2\\src\\components\\HomePage\\ResponsiveNav.tsx",
    "statementMap": {
      "0": {
        "start": {
          "line": 16,
          "column": 32
        },
        "end": {
          "line": 96,
          "column": 1
        }
      },
      "1": {
        "start": {
          "line": 18,
          "column": 27
        },
        "end": {
          "line": 18,
          "column": 40
        }
      },
      "2": {
        "start": {
          "line": 19,
          "column": 19
        },
        "end": {
          "line": 19,
          "column": 32
        }
      },
      "3": {
        "start": {
          "line": 20,
          "column": 21
        },
        "end": {
          "line": 20,
          "column": 51
        }
      },
      "4": {
        "start": {
          "line": 22,
          "column": 24
        },
        "end": {
          "line": 29,
          "column": 3
        }
      },
      "5": {
        "start": {
          "line": 23,
          "column": 4
        },
        "end": {
          "line": 28,
          "column": 5
        }
      },
      "6": {
        "start": {
          "line": 24,
          "column": 6
        },
        "end": {
          "line": 24,
          "column": 22
        }
      },
      "7": {
        "start": {
          "line": 25,
          "column": 6
        },
        "end": {
          "line": 25,
          "column": 25
        }
      },
      "8": {
        "start": {
          "line": 27,
          "column": 6
        },
        "end": {
          "line": 27,
          "column": 44
        }
      },
      "9": {
        "start": {
          "line": 31,
          "column": 36
        },
        "end": {
          "line": 81,
          "column": 3
        }
      },
      "10": {
        "start": {
          "line": 83,
          "column": 2
        },
        "end": {
          "line": 95,
          "column": 4
        }
      }
    },
    "fnMap": {
      "0": {
        "name": "(anonymous_0)",
        "decl": {
          "start": {
            "line": 16,
            "column": 32
          },
          "end": {
            "line": 16,
            "column": 33
          }
        },
        "loc": {
          "start": {
            "line": 16,
            "column": 38
          },
          "end": {
            "line": 96,
            "column": 1
          }
        },
        "line": 16
      },
      "1": {
        "name": "(anonymous_1)",
        "decl": {
          "start": {
            "line": 22,
            "column": 24
          },
          "end": {
            "line": 22,
            "column": 25
          }
        },
        "loc": {
          "start": {
            "line": 22,
            "column": 36
          },
          "end": {
            "line": 29,
            "column": 3
          }
        },
        "line": 22
      }
    },
    "branchMap": {
      "0": {
        "loc": {
          "start": {
            "line": 60,
            "column": 13
          },
          "end": {
            "line": 72,
            "column": 7
          }
        },
        "type": "cond-expr",
        "locations": [
          {
            "start": {
              "line": 61,
              "column": 8
            },
            "end": {
              "line": 67,
              "column": 12
            }
          },
          {
            "start": {
              "line": 69,
              "column": 8
            },
            "end": {
              "line": 71,
              "column": 15
            }
          }
        ],
        "line": 60
      },
      "1": {
        "loc": {
          "start": {
            "line": 73,
            "column": 12
          },
          "end": {
            "line": 79,
            "column": 7
          }
        },
        "type": "cond-expr",
        "locations": [
          {
            "start": {
              "line": 74,
              "column": 8
            },
            "end": {
              "line": 76,
              "column": 14
            }
          },
          {
            "start": {
              "line": 78,
              "column": 8
            },
            "end": {
              "line": 78,
              "column": 25
            }
          }
        ],
        "line": 73
      }
    },
    "s": {
      "0": 13,
      "1": 70,
      "2": 70,
      "3": 70,
      "4": 70,
      "5": 0,
      "6": 0,
      "7": 0,
      "8": 0,
      "9": 70,
      "10": 70
    },
    "f": {
      "0": 70,
      "1": 0
    },
    "b": {
      "0": [
        66,
        4
      ],
      "1": [
        66,
        4
      ]
    },
    "_coverageSchema": "1a1c01bbd47fc00a2c39e90264f33305004495a9",
    "hash": "be31017e50eaba45bab1db918f28992fa414b8c9"
  },
  "C:\\Users\\Prathmesh Shinde\\Desktop\\postingv2\\src\\components\\HomePage\\Header.tsx": {
    "path": "C:\\Users\\Prathmesh Shinde\\Desktop\\postingv2\\src\\components\\HomePage\\Header.tsx",
    "statementMap": {
      "0": {
        "start": {
          "line": 7,
          "column": 25
        },
        "end": {
          "line": 50,
          "column": 1
        }
      },
      "1": {
        "start": {
          "line": 9,
          "column": 27
        },
        "end": {
          "line": 9,
          "column": 40
        }
      },
      "2": {
        "start": {
          "line": 10,
          "column": 19
        },
        "end": {
          "line": 10,
          "column": 32
        }
      },
      "3": {
        "start": {
          "line": 11,
          "column": 21
        },
        "end": {
          "line": 11,
          "column": 51
        }
      },
      "4": {
        "start": {
          "line": 13,
          "column": 24
        },
        "end": {
          "line": 20,
          "column": 3
        }
      },
      "5": {
        "start": {
          "line": 14,
          "column": 4
        },
        "end": {
          "line": 19,
          "column": 5
        }
      },
      "6": {
        "start": {
          "line": 15,
          "column": 6
        },
        "end": {
          "line": 15,
          "column": 22
        }
      },
      "7": {
        "start": {
          "line": 16,
          "column": 6
        },
        "end": {
          "line": 16,
          "column": 25
        }
      },
      "8": {
        "start": {
          "line": 18,
          "column": 6
        },
        "end": {
          "line": 18,
          "column": 44
        }
      },
      "9": {
        "start": {
          "line": 22,
          "column": 2
        },
        "end": {
          "line": 49,
          "column": 4
        }
      }
    },
    "fnMap": {
      "0": {
        "name": "(anonymous_0)",
        "decl": {
          "start": {
            "line": 7,
            "column": 25
          },
          "end": {
            "line": 7,
            "column": 26
          }
        },
        "loc": {
          "start": {
            "line": 7,
            "column": 31
          },
          "end": {
            "line": 50,
            "column": 1
          }
        },
        "line": 7
      },
      "1": {
        "name": "(anonymous_1)",
        "decl": {
          "start": {
            "line": 13,
            "column": 24
          },
          "end": {
            "line": 13,
            "column": 25
          }
        },
        "loc": {
          "start": {
            "line": 13,
            "column": 36
          },
          "end": {
            "line": 20,
            "column": 3
          }
        },
        "line": 13
      }
    },
    "branchMap": {
      "0": {
        "loc": {
          "start": {
            "line": 32,
            "column": 11
          },
          "end": {
            "line": 45,
            "column": 11
          }
        },
        "type": "cond-expr",
        "locations": [
          {
            "start": {
              "line": 33,
              "column": 12
            },
            "end": {
              "line": 40,
              "column": 21
            }
          },
          {
            "start": {
              "line": 42,
              "column": 12
            },
            "end": {
              "line": 44,
              "column": 21
            }
          }
        ],
        "line": 32
      }
    },
    "s": {
      "0": 13,
      "1": 70,
      "2": 70,
      "3": 70,
      "4": 70,
      "5": 0,
      "6": 0,
      "7": 0,
      "8": 0,
      "9": 70
    },
    "f": {
      "0": 70,
      "1": 0
    },
    "b": {
      "0": [
        66,
        4
      ]
    },
    "_coverageSchema": "1a1c01bbd47fc00a2c39e90264f33305004495a9",
    "hash": "5679254f824ba5c4edc538743ead5a4c2b230b52"
  },
  "C:\\Users\\Prathmesh Shinde\\Desktop\\postingv2\\src\\components\\ProfilePage\\UpdatePostModal.tsx": {
    "path": "C:\\Users\\Prathmesh Shinde\\Desktop\\postingv2\\src\\components\\ProfilePage\\UpdatePostModal.tsx",
    "statementMap": {
      "0": {
        "start": {
          "line": 19,
          "column": 41
        },
        "end": {
          "line": 119,
          "column": 1
        }
      },
      "1": {
        "start": {
          "line": 29,
          "column": 26
        },
        "end": {
          "line": 29,
          "column": 41
        }
      },
      "2": {
        "start": {
          "line": 30,
          "column": 17
        },
        "end": {
          "line": 33,
          "column": 3
        }
      },
      "3": {
        "start": {
          "line": 36,
          "column": 19
        },
        "end": {
          "line": 66,
          "column": 3
        }
      },
      "4": {
        "start": {
          "line": 37,
          "column": 4
        },
        "end": {
          "line": 50,
          "column": 5
        }
      },
      "5": {
        "start": {
          "line": 38,
          "column": 28
        },
        "end": {
          "line": 38,
          "column": 78
        }
      },
      "6": {
        "start": {
          "line": 39,
          "column": 6
        },
        "end": {
          "line": 43,
          "column": 9
        }
      },
      "7": {
        "start": {
          "line": 44,
          "column": 6
        },
        "end": {
          "line": 44,
          "column": 38
        }
      },
      "8": {
        "start": {
          "line": 45,
          "column": 6
        },
        "end": {
          "line": 45,
          "column": 45
        }
      },
      "9": {
        "start": {
          "line": 46,
          "column": 6
        },
        "end": {
          "line": 46,
          "column": 28
        }
      },
      "10": {
        "start": {
          "line": 47,
          "column": 6
        },
        "end": {
          "line": 47,
          "column": 21
        }
      },
      "11": {
        "start": {
          "line": 49,
          "column": 6
        },
        "end": {
          "line": 49,
          "column": 23
        }
      },
      "12": {
        "start": {
          "line": 52,
          "column": 4
        },
        "end": {
          "line": 65,
          "column": 5
        }
      },
      "13": {
        "start": {
          "line": 53,
          "column": 28
        },
        "end": {
          "line": 53,
          "column": 54
        }
      },
      "14": {
        "start": {
          "line": 54,
          "column": 6
        },
        "end": {
          "line": 58,
          "column": 9
        }
      },
      "15": {
        "start": {
          "line": 59,
          "column": 6
        },
        "end": {
          "line": 59,
          "column": 38
        }
      },
      "16": {
        "start": {
          "line": 60,
          "column": 6
        },
        "end": {
          "line": 60,
          "column": 28
        }
      },
      "17": {
        "start": {
          "line": 61,
          "column": 6
        },
        "end": {
          "line": 61,
          "column": 45
        }
      },
      "18": {
        "start": {
          "line": 62,
          "column": 6
        },
        "end": {
          "line": 62,
          "column": 21
        }
      },
      "19": {
        "start": {
          "line": 64,
          "column": 6
        },
        "end": {
          "line": 64,
          "column": 23
        }
      },
      "20": {
        "start": {
          "line": 68,
          "column": 2
        },
        "end": {
          "line": 71,
          "column": 9
        }
      },
      "21": {
        "start": {
          "line": 69,
          "column": 20
        },
        "end": {
          "line": 69,
          "column": 30
        }
      },
      "22": {
        "start": {
          "line": 70,
          "column": 4
        },
        "end": {
          "line": 70,
          "column": 21
        }
      },
      "23": {
        "start": {
          "line": 73,
          "column": 2
        },
        "end": {
          "line": 118,
          "column": 4
        }
      }
    },
    "fnMap": {
      "0": {
        "name": "(anonymous_0)",
        "decl": {
          "start": {
            "line": 19,
            "column": 41
          },
          "end": {
            "line": 19,
            "column": 42
          }
        },
        "loc": {
          "start": {
            "line": 27,
            "column": 6
          },
          "end": {
            "line": 119,
            "column": 1
          }
        },
        "line": 27
      },
      "1": {
        "name": "(anonymous_1)",
        "decl": {
          "start": {
            "line": 36,
            "column": 19
          },
          "end": {
            "line": 36,
            "column": 20
          }
        },
        "loc": {
          "start": {
            "line": 36,
            "column": 42
          },
          "end": {
            "line": 66,
            "column": 3
          }
        },
        "line": 36
      },
      "2": {
        "name": "(anonymous_2)",
        "decl": {
          "start": {
            "line": 68,
            "column": 12
          },
          "end": {
            "line": 68,
            "column": 13
          }
        },
        "loc": {
          "start": {
            "line": 68,
            "column": 18
          },
          "end": {
            "line": 71,
            "column": 3
          }
        },
        "line": 68
      }
    },
    "branchMap": {},
    "s": {
      "0": 13,
      "1": 314,
      "2": 314,
      "3": 314,
      "4": 1,
      "5": 1,
      "6": 0,
      "7": 0,
      "8": 0,
      "9": 0,
      "10": 0,
      "11": 1,
      "12": 1,
      "13": 1,
      "14": 1,
      "15": 1,
      "16": 1,
      "17": 1,
      "18": 0,
      "19": 1,
      "20": 314,
      "21": 64,
      "22": 64,
      "23": 314
    },
    "f": {
      "0": 314,
      "1": 1,
      "2": 64
    },
    "b": {},
    "_coverageSchema": "1a1c01bbd47fc00a2c39e90264f33305004495a9",
    "hash": "af372eb46fad521d022dbe2ab5acd151485c24d0"
  },
  "C:\\Users\\Prathmesh Shinde\\Desktop\\postingv2\\src\\components\\HomePage\\Utils\\showLikedPosts.ts": {
    "path": "C:\\Users\\Prathmesh Shinde\\Desktop\\postingv2\\src\\components\\HomePage\\Utils\\showLikedPosts.ts",
    "statementMap": {
      "0": {
        "start": {
          "line": 6,
          "column": 30
        },
        "end": {
          "line": 55,
          "column": 1
        }
      },
      "1": {
        "start": {
          "line": 14,
          "column": 21
        },
        "end": {
          "line": 14,
          "column": 51
        }
      },
      "2": {
        "start": {
          "line": 15,
          "column": 2
        },
        "end": {
          "line": 54,
          "column": 3
        }
      },
      "3": {
        "start": {
          "line": 20,
          "column": 4
        },
        "end": {
          "line": 53,
          "column": 9
        }
      },
      "4": {
        "start": {
          "line": 29,
          "column": 32
        },
        "end": {
          "line": 29,
          "column": 34
        }
      },
      "5": {
        "start": {
          "line": 30,
          "column": 37
        },
        "end": {
          "line": 30,
          "column": 39
        }
      },
      "6": {
        "start": {
          "line": 31,
          "column": 8
        },
        "end": {
          "line": 34,
          "column": 11
        }
      },
      "7": {
        "start": {
          "line": 32,
          "column": 10
        },
        "end": {
          "line": 32,
          "column": 37
        }
      },
      "8": {
        "start": {
          "line": 33,
          "column": 10
        },
        "end": {
          "line": 33,
          "column": 45
        }
      },
      "9": {
        "start": {
          "line": 37,
          "column": 40
        },
        "end": {
          "line": 37,
          "column": 42
        }
      },
      "10": {
        "start": {
          "line": 39,
          "column": 8
        },
        "end": {
          "line": 48,
          "column": 11
        }
      },
      "11": {
        "start": {
          "line": 40,
          "column": 10
        },
        "end": {
          "line": 47,
          "column": 13
        }
      },
      "12": {
        "start": {
          "line": 41,
          "column": 12
        },
        "end": {
          "line": 46,
          "column": 13
        }
      },
      "13": {
        "start": {
          "line": 45,
          "column": 14
        },
        "end": {
          "line": 45,
          "column": 46
        }
      },
      "14": {
        "start": {
          "line": 49,
          "column": 8
        },
        "end": {
          "line": 49,
          "column": 38
        }
      },
      "15": {
        "start": {
          "line": 52,
          "column": 8
        },
        "end": {
          "line": 52,
          "column": 33
        }
      }
    },
    "fnMap": {
      "0": {
        "name": "(anonymous_0)",
        "decl": {
          "start": {
            "line": 6,
            "column": 30
          },
          "end": {
            "line": 6,
            "column": 31
          }
        },
        "loc": {
          "start": {
            "line": 13,
            "column": 5
          },
          "end": {
            "line": 55,
            "column": 1
          }
        },
        "line": 13
      },
      "1": {
        "name": "(anonymous_1)",
        "decl": {
          "start": {
            "line": 27,
            "column": 12
          },
          "end": {
            "line": 27,
            "column": 13
          }
        },
        "loc": {
          "start": {
            "line": 27,
            "column": 26
          },
          "end": {
            "line": 50,
            "column": 7
          }
        },
        "line": 27
      },
      "2": {
        "name": "(anonymous_2)",
        "decl": {
          "start": {
            "line": 31,
            "column": 32
          },
          "end": {
            "line": 31,
            "column": 33
          }
        },
        "loc": {
          "start": {
            "line": 31,
            "column": 41
          },
          "end": {
            "line": 34,
            "column": 9
          }
        },
        "line": 31
      },
      "3": {
        "name": "(anonymous_3)",
        "decl": {
          "start": {
            "line": 39,
            "column": 21
          },
          "end": {
            "line": 39,
            "column": 22
          }
        },
        "loc": {
          "start": {
            "line": 39,
            "column": 44
          },
          "end": {
            "line": 48,
            "column": 9
          }
        },
        "line": 39
      },
      "4": {
        "name": "(anonymous_4)",
        "decl": {
          "start": {
            "line": 40,
            "column": 25
          },
          "end": {
            "line": 40,
            "column": 26
          }
        },
        "loc": {
          "start": {
            "line": 40,
            "column": 54
          },
          "end": {
            "line": 47,
            "column": 11
          }
        },
        "line": 40
      },
      "5": {
        "name": "(anonymous_5)",
        "decl": {
          "start": {
            "line": 51,
            "column": 13
          },
          "end": {
            "line": 51,
            "column": 14
          }
        },
        "loc": {
          "start": {
            "line": 51,
            "column": 22
          },
          "end": {
            "line": 53,
            "column": 7
          }
        },
        "line": 51
      }
    },
    "branchMap": {
      "0": {
        "loc": {
          "start": {
            "line": 15,
            "column": 2
          },
          "end": {
            "line": 54,
            "column": 3
          }
        },
        "type": "if",
        "locations": [
          {
            "start": {
              "line": 15,
              "column": 2
            },
            "end": {
              "line": 54,
              "column": 3
            }
          },
          {
            "start": {
              "line": 15,
              "column": 2
            },
            "end": {
              "line": 54,
              "column": 3
            }
          }
        ],
        "line": 15
      },
      "1": {
        "loc": {
          "start": {
            "line": 16,
            "column": 4
          },
          "end": {
            "line": 18,
            "column": 36
          }
        },
        "type": "binary-expr",
        "locations": [
          {
            "start": {
              "line": 16,
              "column": 4
            },
            "end": {
              "line": 16,
              "column": 28
            }
          },
          {
            "start": {
              "line": 17,
              "column": 4
            },
            "end": {
              "line": 17,
              "column": 36
            }
          },
          {
            "start": {
              "line": 18,
              "column": 4
            },
            "end": {
              "line": 18,
              "column": 36
            }
          }
        ],
        "line": 16
      },
      "2": {
        "loc": {
          "start": {
            "line": 41,
            "column": 12
          },
          "end": {
            "line": 46,
            "column": 13
          }
        },
        "type": "if",
        "locations": [
          {
            "start": {
              "line": 41,
              "column": 12
            },
            "end": {
              "line": 46,
              "column": 13
            }
          },
          {
            "start": {
              "line": 41,
              "column": 12
            },
            "end": {
              "line": 46,
              "column": 13
            }
          }
        ],
        "line": 41
      },
      "3": {
        "loc": {
          "start": {
            "line": 42,
            "column": 14
          },
          "end": {
            "line": 43,
            "column": 46
          }
        },
        "type": "binary-expr",
        "locations": [
          {
            "start": {
              "line": 42,
              "column": 14
            },
            "end": {
              "line": 42,
              "column": 47
            }
          },
          {
            "start": {
              "line": 43,
              "column": 14
            },
            "end": {
              "line": 43,
              "column": 46
            }
          }
        ],
        "line": 42
      }
    },
    "s": {
      "0": 13,
      "1": 92,
      "2": 92,
      "3": 0,
      "4": 0,
      "5": 0,
      "6": 0,
      "7": 0,
      "8": 0,
      "9": 0,
      "10": 0,
      "11": 0,
      "12": 0,
      "13": 0,
      "14": 0,
      "15": 0
    },
    "f": {
      "0": 92,
      "1": 0,
      "2": 0,
      "3": 0,
      "4": 0,
      "5": 0
    },
    "b": {
      "0": [
        0,
        92
      ],
      "1": [
        92,
        0,
        0
      ],
      "2": [
        0,
        0
      ],
      "3": [
        0,
        0
      ]
    },
    "_coverageSchema": "1a1c01bbd47fc00a2c39e90264f33305004495a9",
    "hash": "525f18e725316d3086016d72f003c891155706e2"
  },
  "C:\\Users\\Prathmesh Shinde\\Desktop\\postingv2\\src\\components\\HomePage\\Utils\\showBookmarkedPosts.ts": {
    "path": "C:\\Users\\Prathmesh Shinde\\Desktop\\postingv2\\src\\components\\HomePage\\Utils\\showBookmarkedPosts.ts",
    "statementMap": {
      "0": {
        "start": {
          "line": 7,
          "column": 35
        },
        "end": {
          "line": 54,
          "column": 1
        }
      },
      "1": {
        "start": {
          "line": 15,
          "column": 21
        },
        "end": {
          "line": 15,
          "column": 51
        }
      },
      "2": {
        "start": {
          "line": 16,
          "column": 2
        },
        "end": {
          "line": 53,
          "column": 3
        }
      },
      "3": {
        "start": {
          "line": 21,
          "column": 4
        },
        "end": {
          "line": 52,
          "column": 9
        }
      },
      "4": {
        "start": {
          "line": 30,
          "column": 32
        },
        "end": {
          "line": 30,
          "column": 34
        }
      },
      "5": {
        "start": {
          "line": 31,
          "column": 8
        },
        "end": {
          "line": 33,
          "column": 11
        }
      },
      "6": {
        "start": {
          "line": 32,
          "column": 10
        },
        "end": {
          "line": 32,
          "column": 36
        }
      },
      "7": {
        "start": {
          "line": 36,
          "column": 43
        },
        "end": {
          "line": 36,
          "column": 45
        }
      },
      "8": {
        "start": {
          "line": 37,
          "column": 8
        },
        "end": {
          "line": 46,
          "column": 11
        }
      },
      "9": {
        "start": {
          "line": 38,
          "column": 10
        },
        "end": {
          "line": 45,
          "column": 13
        }
      },
      "10": {
        "start": {
          "line": 39,
          "column": 12
        },
        "end": {
          "line": 44,
          "column": 13
        }
      },
      "11": {
        "start": {
          "line": 43,
          "column": 14
        },
        "end": {
          "line": 43,
          "column": 49
        }
      },
      "12": {
        "start": {
          "line": 48,
          "column": 8
        },
        "end": {
          "line": 48,
          "column": 44
        }
      },
      "13": {
        "start": {
          "line": 51,
          "column": 8
        },
        "end": {
          "line": 51,
          "column": 42
        }
      }
    },
    "fnMap": {
      "0": {
        "name": "(anonymous_0)",
        "decl": {
          "start": {
            "line": 7,
            "column": 35
          },
          "end": {
            "line": 7,
            "column": 36
          }
        },
        "loc": {
          "start": {
            "line": 14,
            "column": 5
          },
          "end": {
            "line": 54,
            "column": 1
          }
        },
        "line": 14
      },
      "1": {
        "name": "(anonymous_1)",
        "decl": {
          "start": {
            "line": 28,
            "column": 12
          },
          "end": {
            "line": 28,
            "column": 13
          }
        },
        "loc": {
          "start": {
            "line": 28,
            "column": 26
          },
          "end": {
            "line": 49,
            "column": 7
          }
        },
        "line": 28
      },
      "2": {
        "name": "(anonymous_2)",
        "decl": {
          "start": {
            "line": 31,
            "column": 32
          },
          "end": {
            "line": 31,
            "column": 33
          }
        },
        "loc": {
          "start": {
            "line": 31,
            "column": 41
          },
          "end": {
            "line": 33,
            "column": 9
          }
        },
        "line": 31
      },
      "3": {
        "name": "(anonymous_3)",
        "decl": {
          "start": {
            "line": 37,
            "column": 21
          },
          "end": {
            "line": 37,
            "column": 22
          }
        },
        "loc": {
          "start": {
            "line": 37,
            "column": 38
          },
          "end": {
            "line": 46,
            "column": 9
          }
        },
        "line": 37
      },
      "4": {
        "name": "(anonymous_4)",
        "decl": {
          "start": {
            "line": 38,
            "column": 27
          },
          "end": {
            "line": 38,
            "column": 28
          }
        },
        "loc": {
          "start": {
            "line": 38,
            "column": 59
          },
          "end": {
            "line": 45,
            "column": 11
          }
        },
        "line": 38
      },
      "5": {
        "name": "(anonymous_5)",
        "decl": {
          "start": {
            "line": 50,
            "column": 13
          },
          "end": {
            "line": 50,
            "column": 14
          }
        },
        "loc": {
          "start": {
            "line": 50,
            "column": 19
          },
          "end": {
            "line": 52,
            "column": 7
          }
        },
        "line": 50
      }
    },
    "branchMap": {
      "0": {
        "loc": {
          "start": {
            "line": 16,
            "column": 2
          },
          "end": {
            "line": 53,
            "column": 3
          }
        },
        "type": "if",
        "locations": [
          {
            "start": {
              "line": 16,
              "column": 2
            },
            "end": {
              "line": 53,
              "column": 3
            }
          },
          {
            "start": {
              "line": 16,
              "column": 2
            },
            "end": {
              "line": 53,
              "column": 3
            }
          }
        ],
        "line": 16
      },
      "1": {
        "loc": {
          "start": {
            "line": 17,
            "column": 4
          },
          "end": {
            "line": 19,
            "column": 36
          }
        },
        "type": "binary-expr",
        "locations": [
          {
            "start": {
              "line": 17,
              "column": 4
            },
            "end": {
              "line": 17,
              "column": 30
            }
          },
          {
            "start": {
              "line": 18,
              "column": 4
            },
            "end": {
              "line": 18,
              "column": 36
            }
          },
          {
            "start": {
              "line": 19,
              "column": 4
            },
            "end": {
              "line": 19,
              "column": 36
            }
          }
        ],
        "line": 17
      },
      "2": {
        "loc": {
          "start": {
            "line": 39,
            "column": 12
          },
          "end": {
            "line": 44,
            "column": 13
          }
        },
        "type": "if",
        "locations": [
          {
            "start": {
              "line": 39,
              "column": 12
            },
            "end": {
              "line": 44,
              "column": 13
            }
          },
          {
            "start": {
              "line": 39,
              "column": 12
            },
            "end": {
              "line": 44,
              "column": 13
            }
          }
        ],
        "line": 39
      },
      "3": {
        "loc": {
          "start": {
            "line": 40,
            "column": 14
          },
          "end": {
            "line": 41,
            "column": 46
          }
        },
        "type": "binary-expr",
        "locations": [
          {
            "start": {
              "line": 40,
              "column": 14
            },
            "end": {
              "line": 40,
              "column": 47
            }
          },
          {
            "start": {
              "line": 41,
              "column": 14
            },
            "end": {
              "line": 41,
              "column": 46
            }
          }
        ],
        "line": 40
      }
    },
    "s": {
      "0": 13,
      "1": 92,
      "2": 92,
      "3": 0,
      "4": 0,
      "5": 0,
      "6": 0,
      "7": 0,
      "8": 0,
      "9": 0,
      "10": 0,
      "11": 0,
      "12": 0,
      "13": 0
    },
    "f": {
      "0": 92,
      "1": 0,
      "2": 0,
      "3": 0,
      "4": 0,
      "5": 0
    },
    "b": {
      "0": [
        0,
        92
      ],
      "1": [
        92,
        0,
        0
      ],
      "2": [
        0,
        0
      ],
      "3": [
        0,
        0
      ]
    },
    "_coverageSchema": "1a1c01bbd47fc00a2c39e90264f33305004495a9",
    "hash": "64ab086c3815f029ddf09af3a372cd97e95d44fe"
  },
  "C:\\Users\\Prathmesh Shinde\\Desktop\\postingv2\\src\\components\\HomePage\\Utils\\handleLike.ts": {
    "path": "C:\\Users\\Prathmesh Shinde\\Desktop\\postingv2\\src\\components\\HomePage\\Utils\\handleLike.ts",
    "statementMap": {
      "0": {
        "start": {
          "line": 14,
          "column": 26
        },
        "end": {
          "line": 44,
          "column": 1
        }
      },
      "1": {
        "start": {
          "line": 19,
          "column": 21
        },
        "end": {
          "line": 19,
          "column": 51
        }
      },
      "2": {
        "start": {
          "line": 20,
          "column": 2
        },
        "end": {
          "line": 22,
          "column": 3
        }
      },
      "3": {
        "start": {
          "line": 21,
          "column": 4
        },
        "end": {
          "line": 21,
          "column": 49
        }
      },
      "4": {
        "start": {
          "line": 23,
          "column": 2
        },
        "end": {
          "line": 43,
          "column": 3
        }
      },
      "5": {
        "start": {
          "line": 24,
          "column": 4
        },
        "end": {
          "line": 27,
          "column": 7
        }
      },
      "6": {
        "start": {
          "line": 28,
          "column": 23
        },
        "end": {
          "line": 28,
          "column": 53
        }
      },
      "7": {
        "start": {
          "line": 29,
          "column": 4
        },
        "end": {
          "line": 40,
          "column": 7
        }
      },
      "8": {
        "start": {
          "line": 31,
          "column": 6
        },
        "end": {
          "line": 39,
          "column": 9
        }
      },
      "9": {
        "start": {
          "line": 32,
          "column": 20
        },
        "end": {
          "line": 32,
          "column": 56
        }
      },
      "10": {
        "start": {
          "line": 34,
          "column": 8
        },
        "end": {
          "line": 38,
          "column": 9
        }
      },
      "11": {
        "start": {
          "line": 35,
          "column": 34
        },
        "end": {
          "line": 35,
          "column": 59
        }
      },
      "12": {
        "start": {
          "line": 36,
          "column": 10
        },
        "end": {
          "line": 36,
          "column": 42
        }
      },
      "13": {
        "start": {
          "line": 37,
          "column": 10
        },
        "end": {
          "line": 37,
          "column": 21
        }
      },
      "14": {
        "start": {
          "line": 42,
          "column": 4
        },
        "end": {
          "line": 42,
          "column": 80
        }
      }
    },
    "fnMap": {
      "0": {
        "name": "(anonymous_0)",
        "decl": {
          "start": {
            "line": 14,
            "column": 26
          },
          "end": {
            "line": 14,
            "column": 27
          }
        },
        "loc": {
          "start": {
            "line": 18,
            "column": 5
          },
          "end": {
            "line": 44,
            "column": 1
          }
        },
        "line": 18
      },
      "1": {
        "name": "(anonymous_1)",
        "decl": {
          "start": {
            "line": 29,
            "column": 29
          },
          "end": {
            "line": 29,
            "column": 30
          }
        },
        "loc": {
          "start": {
            "line": 29,
            "column": 43
          },
          "end": {
            "line": 40,
            "column": 5
          }
        },
        "line": 29
      },
      "2": {
        "name": "(anonymous_2)",
        "decl": {
          "start": {
            "line": 31,
            "column": 29
          },
          "end": {
            "line": 31,
            "column": 30
          }
        },
        "loc": {
          "start": {
            "line": 31,
            "column": 43
          },
          "end": {
            "line": 39,
            "column": 7
          }
        },
        "line": 31
      }
    },
    "branchMap": {
      "0": {
        "loc": {
          "start": {
            "line": 20,
            "column": 2
          },
          "end": {
            "line": 22,
            "column": 3
          }
        },
        "type": "if",
        "locations": [
          {
            "start": {
              "line": 20,
              "column": 2
            },
            "end": {
              "line": 22,
              "column": 3
            }
          },
          {
            "start": {
              "line": 20,
              "column": 2
            },
            "end": {
              "line": 22,
              "column": 3
            }
          }
        ],
        "line": 20
      },
      "1": {
        "loc": {
          "start": {
            "line": 34,
            "column": 8
          },
          "end": {
            "line": 38,
            "column": 9
          }
        },
        "type": "if",
        "locations": [
          {
            "start": {
              "line": 34,
              "column": 8
            },
            "end": {
              "line": 38,
              "column": 9
            }
          },
          {
            "start": {
              "line": 34,
              "column": 8
            },
            "end": {
              "line": 38,
              "column": 9
            }
          }
        ],
        "line": 34
      }
    },
    "s": {
      "0": 13,
      "1": 0,
      "2": 0,
      "3": 0,
      "4": 0,
      "5": 0,
      "6": 0,
      "7": 0,
      "8": 0,
      "9": 0,
      "10": 0,
      "11": 0,
      "12": 0,
      "13": 0,
      "14": 0
    },
    "f": {
      "0": 0,
      "1": 0,
      "2": 0
    },
    "b": {
      "0": [
        0,
        0
      ],
      "1": [
        0,
        0
      ]
    },
    "_coverageSchema": "1a1c01bbd47fc00a2c39e90264f33305004495a9",
    "hash": "5c872477f6c4664e1786161f6345b9cc9f520412"
  },
  "C:\\Users\\Prathmesh Shinde\\Desktop\\postingv2\\src\\components\\HomePage\\Utils\\handleDislike.ts": {
    "path": "C:\\Users\\Prathmesh Shinde\\Desktop\\postingv2\\src\\components\\HomePage\\Utils\\handleDislike.ts",
    "statementMap": {
      "0": {
        "start": {
          "line": 12,
          "column": 29
        },
        "end": {
          "line": 67,
          "column": 1
        }
      },
      "1": {
        "start": {
          "line": 21,
          "column": 21
        },
        "end": {
          "line": 21,
          "column": 51
        }
      },
      "2": {
        "start": {
          "line": 23,
          "column": 2
        },
        "end": {
          "line": 44,
          "column": 3
        }
      },
      "3": {
        "start": {
          "line": 25,
          "column": 4
        },
        "end": {
          "line": 43,
          "column": 7
        }
      },
      "4": {
        "start": {
          "line": 26,
          "column": 6
        },
        "end": {
          "line": 42,
          "column": 7
        }
      },
      "5": {
        "start": {
          "line": 28,
          "column": 27
        },
        "end": {
          "line": 28,
          "column": 57
        }
      },
      "6": {
        "start": {
          "line": 29,
          "column": 8
        },
        "end": {
          "line": 39,
          "column": 11
        }
      },
      "7": {
        "start": {
          "line": 30,
          "column": 10
        },
        "end": {
          "line": 38,
          "column": 13
        }
      },
      "8": {
        "start": {
          "line": 31,
          "column": 24
        },
        "end": {
          "line": 31,
          "column": 60
        }
      },
      "9": {
        "start": {
          "line": 32,
          "column": 12
        },
        "end": {
          "line": 37,
          "column": 13
        }
      },
      "10": {
        "start": {
          "line": 34,
          "column": 38
        },
        "end": {
          "line": 34,
          "column": 68
        }
      },
      "11": {
        "start": {
          "line": 35,
          "column": 14
        },
        "end": {
          "line": 35,
          "column": 46
        }
      },
      "12": {
        "start": {
          "line": 36,
          "column": 14
        },
        "end": {
          "line": 36,
          "column": 25
        }
      },
      "13": {
        "start": {
          "line": 41,
          "column": 8
        },
        "end": {
          "line": 41,
          "column": 58
        }
      },
      "14": {
        "start": {
          "line": 46,
          "column": 2
        },
        "end": {
          "line": 66,
          "column": 3
        }
      },
      "15": {
        "start": {
          "line": 47,
          "column": 24
        },
        "end": {
          "line": 64,
          "column": 5
        }
      },
      "16": {
        "start": {
          "line": 49,
          "column": 6
        },
        "end": {
          "line": 63,
          "column": 9
        }
      },
      "17": {
        "start": {
          "line": 50,
          "column": 8
        },
        "end": {
          "line": 62,
          "column": 9
        }
      },
      "18": {
        "start": {
          "line": 51,
          "column": 29
        },
        "end": {
          "line": 51,
          "column": 59
        }
      },
      "19": {
        "start": {
          "line": 52,
          "column": 10
        },
        "end": {
          "line": 60,
          "column": 13
        }
      },
      "20": {
        "start": {
          "line": 53,
          "column": 12
        },
        "end": {
          "line": 59,
          "column": 15
        }
      },
      "21": {
        "start": {
          "line": 54,
          "column": 26
        },
        "end": {
          "line": 54,
          "column": 62
        }
      },
      "22": {
        "start": {
          "line": 55,
          "column": 14
        },
        "end": {
          "line": 58,
          "column": 15
        }
      },
      "23": {
        "start": {
          "line": 56,
          "column": 40
        },
        "end": {
          "line": 56,
          "column": 70
        }
      },
      "24": {
        "start": {
          "line": 57,
          "column": 16
        },
        "end": {
          "line": 57,
          "column": 48
        }
      },
      "25": {
        "start": {
          "line": 61,
          "column": 10
        },
        "end": {
          "line": 61,
          "column": 60
        }
      },
      "26": {
        "start": {
          "line": 65,
          "column": 4
        },
        "end": {
          "line": 65,
          "column": 52
        }
      }
    },
    "fnMap": {
      "0": {
        "name": "(anonymous_0)",
        "decl": {
          "start": {
            "line": 12,
            "column": 29
          },
          "end": {
            "line": 12,
            "column": 30
          }
        },
        "loc": {
          "start": {
            "line": 20,
            "column": 5
          },
          "end": {
            "line": 67,
            "column": 1
          }
        },
        "line": 20
      },
      "1": {
        "name": "(anonymous_1)",
        "decl": {
          "start": {
            "line": 25,
            "column": 24
          },
          "end": {
            "line": 25,
            "column": 25
          }
        },
        "loc": {
          "start": {
            "line": 25,
            "column": 46
          },
          "end": {
            "line": 43,
            "column": 5
          }
        },
        "line": 25
      },
      "2": {
        "name": "(anonymous_2)",
        "decl": {
          "start": {
            "line": 29,
            "column": 33
          },
          "end": {
            "line": 29,
            "column": 34
          }
        },
        "loc": {
          "start": {
            "line": 29,
            "column": 47
          },
          "end": {
            "line": 39,
            "column": 9
          }
        },
        "line": 29
      },
      "3": {
        "name": "(anonymous_3)",
        "decl": {
          "start": {
            "line": 30,
            "column": 33
          },
          "end": {
            "line": 30,
            "column": 34
          }
        },
        "loc": {
          "start": {
            "line": 30,
            "column": 47
          },
          "end": {
            "line": 38,
            "column": 11
          }
        },
        "line": 30
      },
      "4": {
        "name": "(anonymous_4)",
        "decl": {
          "start": {
            "line": 47,
            "column": 24
          },
          "end": {
            "line": 47,
            "column": 25
          }
        },
        "loc": {
          "start": {
            "line": 47,
            "column": 30
          },
          "end": {
            "line": 64,
            "column": 5
          }
        },
        "line": 47
      },
      "5": {
        "name": "(anonymous_5)",
        "decl": {
          "start": {
            "line": 49,
            "column": 26
          },
          "end": {
            "line": 49,
            "column": 27
          }
        },
        "loc": {
          "start": {
            "line": 49,
            "column": 48
          },
          "end": {
            "line": 63,
            "column": 7
          }
        },
        "line": 49
      },
      "6": {
        "name": "(anonymous_6)",
        "decl": {
          "start": {
            "line": 52,
            "column": 35
          },
          "end": {
            "line": 52,
            "column": 36
          }
        },
        "loc": {
          "start": {
            "line": 52,
            "column": 49
          },
          "end": {
            "line": 60,
            "column": 11
          }
        },
        "line": 52
      },
      "7": {
        "name": "(anonymous_7)",
        "decl": {
          "start": {
            "line": 53,
            "column": 35
          },
          "end": {
            "line": 53,
            "column": 36
          }
        },
        "loc": {
          "start": {
            "line": 53,
            "column": 49
          },
          "end": {
            "line": 59,
            "column": 13
          }
        },
        "line": 53
      }
    },
    "branchMap": {
      "0": {
        "loc": {
          "start": {
            "line": 23,
            "column": 2
          },
          "end": {
            "line": 44,
            "column": 3
          }
        },
        "type": "if",
        "locations": [
          {
            "start": {
              "line": 23,
              "column": 2
            },
            "end": {
              "line": 44,
              "column": 3
            }
          },
          {
            "start": {
              "line": 23,
              "column": 2
            },
            "end": {
              "line": 44,
              "column": 3
            }
          }
        ],
        "line": 23
      },
      "1": {
        "loc": {
          "start": {
            "line": 26,
            "column": 6
          },
          "end": {
            "line": 42,
            "column": 7
          }
        },
        "type": "if",
        "locations": [
          {
            "start": {
              "line": 26,
              "column": 6
            },
            "end": {
              "line": 42,
              "column": 7
            }
          },
          {
            "start": {
              "line": 26,
              "column": 6
            },
            "end": {
              "line": 42,
              "column": 7
            }
          }
        ],
        "line": 26
      },
      "2": {
        "loc": {
          "start": {
            "line": 26,
            "column": 10
          },
          "end": {
            "line": 26,
            "column": 74
          }
        },
        "type": "binary-expr",
        "locations": [
          {
            "start": {
              "line": 26,
              "column": 10
            },
            "end": {
              "line": 26,
              "column": 43
            }
          },
          {
            "start": {
              "line": 26,
              "column": 47
            },
            "end": {
              "line": 26,
              "column": 74
            }
          }
        ],
        "line": 26
      },
      "3": {
        "loc": {
          "start": {
            "line": 32,
            "column": 12
          },
          "end": {
            "line": 37,
            "column": 13
          }
        },
        "type": "if",
        "locations": [
          {
            "start": {
              "line": 32,
              "column": 12
            },
            "end": {
              "line": 37,
              "column": 13
            }
          },
          {
            "start": {
              "line": 32,
              "column": 12
            },
            "end": {
              "line": 37,
              "column": 13
            }
          }
        ],
        "line": 32
      },
      "4": {
        "loc": {
          "start": {
            "line": 46,
            "column": 2
          },
          "end": {
            "line": 66,
            "column": 3
          }
        },
        "type": "if",
        "locations": [
          {
            "start": {
              "line": 46,
              "column": 2
            },
            "end": {
              "line": 66,
              "column": 3
            }
          },
          {
            "start": {
              "line": 46,
              "column": 2
            },
            "end": {
              "line": 66,
              "column": 3
            }
          }
        ],
        "line": 46
      },
      "5": {
        "loc": {
          "start": {
            "line": 50,
            "column": 8
          },
          "end": {
            "line": 62,
            "column": 9
          }
        },
        "type": "if",
        "locations": [
          {
            "start": {
              "line": 50,
              "column": 8
            },
            "end": {
              "line": 62,
              "column": 9
            }
          },
          {
            "start": {
              "line": 50,
              "column": 8
            },
            "end": {
              "line": 62,
              "column": 9
            }
          }
        ],
        "line": 50
      },
      "6": {
        "loc": {
          "start": {
            "line": 50,
            "column": 12
          },
          "end": {
            "line": 50,
            "column": 76
          }
        },
        "type": "binary-expr",
        "locations": [
          {
            "start": {
              "line": 50,
              "column": 12
            },
            "end": {
              "line": 50,
              "column": 45
            }
          },
          {
            "start": {
              "line": 50,
              "column": 49
            },
            "end": {
              "line": 50,
              "column": 76
            }
          }
        ],
        "line": 50
      },
      "7": {
        "loc": {
          "start": {
            "line": 55,
            "column": 14
          },
          "end": {
            "line": 58,
            "column": 15
          }
        },
        "type": "if",
        "locations": [
          {
            "start": {
              "line": 55,
              "column": 14
            },
            "end": {
              "line": 58,
              "column": 15
            }
          },
          {
            "start": {
              "line": 55,
              "column": 14
            },
            "end": {
              "line": 58,
              "column": 15
            }
          }
        ],
        "line": 55
      }
    },
    "s": {
      "0": 13,
      "1": 0,
      "2": 0,
      "3": 0,
      "4": 0,
      "5": 0,
      "6": 0,
      "7": 0,
      "8": 0,
      "9": 0,
      "10": 0,
      "11": 0,
      "12": 0,
      "13": 0,
      "14": 0,
      "15": 0,
      "16": 0,
      "17": 0,
      "18": 0,
      "19": 0,
      "20": 0,
      "21": 0,
      "22": 0,
      "23": 0,
      "24": 0,
      "25": 0,
      "26": 0
    },
    "f": {
      "0": 0,
      "1": 0,
      "2": 0,
      "3": 0,
      "4": 0,
      "5": 0,
      "6": 0,
      "7": 0
    },
    "b": {
      "0": [
        0,
        0
      ],
      "1": [
        0,
        0
      ],
      "2": [
        0,
        0
      ],
      "3": [
        0,
        0
      ],
      "4": [
        0,
        0
      ],
      "5": [
        0,
        0
      ],
      "6": [
        0,
        0
      ],
      "7": [
        0,
        0
      ]
    },
    "_coverageSchema": "1a1c01bbd47fc00a2c39e90264f33305004495a9",
    "hash": "9e209be31e256097beb239eaa6efa122eb6be195"
  },
  "C:\\Users\\Prathmesh Shinde\\Desktop\\postingv2\\src\\components\\HomePage\\Utils\\handleBookmark.ts": {
    "path": "C:\\Users\\Prathmesh Shinde\\Desktop\\postingv2\\src\\components\\HomePage\\Utils\\handleBookmark.ts",
    "statementMap": {
      "0": {
        "start": {
          "line": 14,
          "column": 30
        },
        "end": {
          "line": 45,
          "column": 1
        }
      },
      "1": {
        "start": {
          "line": 19,
          "column": 21
        },
        "end": {
          "line": 19,
          "column": 51
        }
      },
      "2": {
        "start": {
          "line": 20,
          "column": 2
        },
        "end": {
          "line": 22,
          "column": 3
        }
      },
      "3": {
        "start": {
          "line": 21,
          "column": 4
        },
        "end": {
          "line": 21,
          "column": 53
        }
      },
      "4": {
        "start": {
          "line": 23,
          "column": 2
        },
        "end": {
          "line": 44,
          "column": 3
        }
      },
      "5": {
        "start": {
          "line": 24,
          "column": 4
        },
        "end": {
          "line": 27,
          "column": 7
        }
      },
      "6": {
        "start": {
          "line": 29,
          "column": 26
        },
        "end": {
          "line": 29,
          "column": 56
        }
      },
      "7": {
        "start": {
          "line": 31,
          "column": 4
        },
        "end": {
          "line": 41,
          "column": 7
        }
      },
      "8": {
        "start": {
          "line": 32,
          "column": 6
        },
        "end": {
          "line": 40,
          "column": 9
        }
      },
      "9": {
        "start": {
          "line": 33,
          "column": 20
        },
        "end": {
          "line": 33,
          "column": 64
        }
      },
      "10": {
        "start": {
          "line": 35,
          "column": 8
        },
        "end": {
          "line": 39,
          "column": 9
        }
      },
      "11": {
        "start": {
          "line": 36,
          "column": 39
        },
        "end": {
          "line": 36,
          "column": 64
        }
      },
      "12": {
        "start": {
          "line": 37,
          "column": 10
        },
        "end": {
          "line": 37,
          "column": 47
        }
      },
      "13": {
        "start": {
          "line": 38,
          "column": 10
        },
        "end": {
          "line": 38,
          "column": 21
        }
      },
      "14": {
        "start": {
          "line": 43,
          "column": 4
        },
        "end": {
          "line": 43,
          "column": 80
        }
      }
    },
    "fnMap": {
      "0": {
        "name": "(anonymous_0)",
        "decl": {
          "start": {
            "line": 14,
            "column": 30
          },
          "end": {
            "line": 14,
            "column": 31
          }
        },
        "loc": {
          "start": {
            "line": 18,
            "column": 5
          },
          "end": {
            "line": 45,
            "column": 1
          }
        },
        "line": 18
      },
      "1": {
        "name": "(anonymous_1)",
        "decl": {
          "start": {
            "line": 31,
            "column": 32
          },
          "end": {
            "line": 31,
            "column": 33
          }
        },
        "loc": {
          "start": {
            "line": 31,
            "column": 46
          },
          "end": {
            "line": 41,
            "column": 5
          }
        },
        "line": 31
      },
      "2": {
        "name": "(anonymous_2)",
        "decl": {
          "start": {
            "line": 32,
            "column": 29
          },
          "end": {
            "line": 32,
            "column": 30
          }
        },
        "loc": {
          "start": {
            "line": 32,
            "column": 43
          },
          "end": {
            "line": 40,
            "column": 7
          }
        },
        "line": 32
      }
    },
    "branchMap": {
      "0": {
        "loc": {
          "start": {
            "line": 20,
            "column": 2
          },
          "end": {
            "line": 22,
            "column": 3
          }
        },
        "type": "if",
        "locations": [
          {
            "start": {
              "line": 20,
              "column": 2
            },
            "end": {
              "line": 22,
              "column": 3
            }
          },
          {
            "start": {
              "line": 20,
              "column": 2
            },
            "end": {
              "line": 22,
              "column": 3
            }
          }
        ],
        "line": 20
      },
      "1": {
        "loc": {
          "start": {
            "line": 35,
            "column": 8
          },
          "end": {
            "line": 39,
            "column": 9
          }
        },
        "type": "if",
        "locations": [
          {
            "start": {
              "line": 35,
              "column": 8
            },
            "end": {
              "line": 39,
              "column": 9
            }
          },
          {
            "start": {
              "line": 35,
              "column": 8
            },
            "end": {
              "line": 39,
              "column": 9
            }
          }
        ],
        "line": 35
      }
    },
    "s": {
      "0": 13,
      "1": 0,
      "2": 0,
      "3": 0,
      "4": 0,
      "5": 0,
      "6": 0,
      "7": 0,
      "8": 0,
      "9": 0,
      "10": 0,
      "11": 0,
      "12": 0,
      "13": 0,
      "14": 0
    },
    "f": {
      "0": 0,
      "1": 0,
      "2": 0
    },
    "b": {
      "0": [
        0,
        0
      ],
      "1": [
        0,
        0
      ]
    },
    "_coverageSchema": "1a1c01bbd47fc00a2c39e90264f33305004495a9",
    "hash": "ea83224b471be7a6789d3b3b10d40fe361f011fc"
  },
  "C:\\Users\\Prathmesh Shinde\\Desktop\\postingv2\\src\\components\\HomePage\\Utils\\removeBookmarkPosts.ts": {
    "path": "C:\\Users\\Prathmesh Shinde\\Desktop\\postingv2\\src\\components\\HomePage\\Utils\\removeBookmarkPosts.ts",
    "statementMap": {
      "0": {
        "start": {
          "line": 12,
          "column": 36
        },
        "end": {
          "line": 67,
          "column": 1
        }
      },
      "1": {
        "start": {
          "line": 21,
          "column": 21
        },
        "end": {
          "line": 21,
          "column": 51
        }
      },
      "2": {
        "start": {
          "line": 23,
          "column": 2
        },
        "end": {
          "line": 43,
          "column": 3
        }
      },
      "3": {
        "start": {
          "line": 25,
          "column": 4
        },
        "end": {
          "line": 42,
          "column": 7
        }
      },
      "4": {
        "start": {
          "line": 26,
          "column": 6
        },
        "end": {
          "line": 41,
          "column": 7
        }
      },
      "5": {
        "start": {
          "line": 27,
          "column": 8
        },
        "end": {
          "line": 27,
          "column": 66
        }
      },
      "6": {
        "start": {
          "line": 29,
          "column": 30
        },
        "end": {
          "line": 29,
          "column": 60
        }
      },
      "7": {
        "start": {
          "line": 30,
          "column": 8
        },
        "end": {
          "line": 40,
          "column": 11
        }
      },
      "8": {
        "start": {
          "line": 31,
          "column": 10
        },
        "end": {
          "line": 39,
          "column": 13
        }
      },
      "9": {
        "start": {
          "line": 32,
          "column": 24
        },
        "end": {
          "line": 32,
          "column": 68
        }
      },
      "10": {
        "start": {
          "line": 33,
          "column": 12
        },
        "end": {
          "line": 38,
          "column": 13
        }
      },
      "11": {
        "start": {
          "line": 35,
          "column": 42
        },
        "end": {
          "line": 35,
          "column": 72
        }
      },
      "12": {
        "start": {
          "line": 36,
          "column": 14
        },
        "end": {
          "line": 36,
          "column": 50
        }
      },
      "13": {
        "start": {
          "line": 37,
          "column": 14
        },
        "end": {
          "line": 37,
          "column": 25
        }
      },
      "14": {
        "start": {
          "line": 45,
          "column": 2
        },
        "end": {
          "line": 66,
          "column": 3
        }
      },
      "15": {
        "start": {
          "line": 46,
          "column": 27
        },
        "end": {
          "line": 64,
          "column": 8
        }
      },
      "16": {
        "start": {
          "line": 48,
          "column": 6
        },
        "end": {
          "line": 64,
          "column": 8
        }
      },
      "17": {
        "start": {
          "line": 49,
          "column": 8
        },
        "end": {
          "line": 63,
          "column": 9
        }
      },
      "18": {
        "start": {
          "line": 50,
          "column": 10
        },
        "end": {
          "line": 50,
          "column": 68
        }
      },
      "19": {
        "start": {
          "line": 52,
          "column": 32
        },
        "end": {
          "line": 52,
          "column": 62
        }
      },
      "20": {
        "start": {
          "line": 53,
          "column": 10
        },
        "end": {
          "line": 62,
          "column": 13
        }
      },
      "21": {
        "start": {
          "line": 54,
          "column": 12
        },
        "end": {
          "line": 61,
          "column": 15
        }
      },
      "22": {
        "start": {
          "line": 55,
          "column": 26
        },
        "end": {
          "line": 55,
          "column": 70
        }
      },
      "23": {
        "start": {
          "line": 56,
          "column": 14
        },
        "end": {
          "line": 60,
          "column": 15
        }
      },
      "24": {
        "start": {
          "line": 57,
          "column": 44
        },
        "end": {
          "line": 57,
          "column": 74
        }
      },
      "25": {
        "start": {
          "line": 58,
          "column": 16
        },
        "end": {
          "line": 58,
          "column": 52
        }
      },
      "26": {
        "start": {
[...]
          },
          {
            "start": {
              "line": 125,
              "column": 12
            },
            "end": {
              "line": 127,
              "column": 13
            }
          }
        ],
        "line": 125
      },
      "2": {
        "loc": {
          "start": {
            "line": 130,
            "column": 12
          },
          "end": {
            "line": 130,
            "column": 71
          }
        },
        "type": "cond-expr",
        "locations": [
          {
            "start": {
              "line": 130,
              "column": 40
            },
            "end": {
              "line": 130,
              "column": 54
            }
          },
          {
            "start": {
              "line": 130,
              "column": 57
            },
            "end": {
              "line": 130,
              "column": 71
            }
          }
        ],
        "line": 130
      },
      "3": {
        "loc": {
          "start": {
            "line": 159,
            "column": 12
          },
          "end": {
            "line": 161,
            "column": 30
          }
        },
        "type": "cond-expr",
        "locations": [
          {
            "start": {
              "line": 160,
              "column": 16
            },
            "end": {
              "line": 160,
              "column": 44
            }
          },
          {
            "start": {
              "line": 161,
              "column": 16
            },
            "end": {
              "line": 161,
              "column": 30
            }
          }
        ],
        "line": 159
      },
      "4": {
        "loc": {
          "start": {
            "line": 242,
            "column": 22
          },
          "end": {
            "line": 244,
            "column": 40
          }
        },
        "type": "cond-expr",
        "locations": [
          {
            "start": {
              "line": 243,
              "column": 26
            },
            "end": {
              "line": 243,
              "column": 40
            }
          },
          {
            "start": {
              "line": 244,
              "column": 26
            },
            "end": {
              "line": 244,
              "column": 40
            }
          }
        ],
        "line": 242
      },
      "5": {
        "loc": {
          "start": {
            "line": 242,
            "column": 22
          },
          "end": {
            "line": 242,
            "column": 74
          }
        },
        "type": "binary-expr",
        "locations": [
          {
            "start": {
              "line": 242,
              "column": 22
            },
            "end": {
              "line": 242,
              "column": 45
            }
          },
          {
            "start": {
              "line": 242,
              "column": 49
            },
            "end": {
              "line": 242,
              "column": 74
            }
          }
        ],
        "line": 242
      },
      "6": {
        "loc": {
          "start": {
            "line": 275,
            "column": 22
          },
          "end": {
            "line": 278,
            "column": 40
          }
        },
        "type": "cond-expr",
        "locations": [
          {
            "start": {
              "line": 277,
              "column": 26
            },
            "end": {
              "line": 277,
              "column": 40
            }
          },
          {
            "start": {
              "line": 278,
              "column": 26
            },
            "end": {
              "line": 278,
              "column": 40
            }
          }
        ],
        "line": 275
      },
      "7": {
        "loc": {
          "start": {
            "line": 275,
            "column": 22
          },
          "end": {
            "line": 276,
            "column": 47
          }
        },
        "type": "binary-expr",
        "locations": [
          {
            "start": {
              "line": 275,
              "column": 22
            },
            "end": {
              "line": 275,
              "column": 55
            }
          },
          {
            "start": {
              "line": 276,
              "column": 22
            },
            "end": {
              "line": 276,
              "column": 47
            }
          }
        ],
        "line": 275
      },
      "8": {
        "loc": {
          "start": {
            "line": 338,
            "column": 13
          },
          "end": {
            "line": 428,
            "column": 13
          }
        },
        "type": "cond-expr",
        "locations": [
          {
            "start": {
              "line": 339,
              "column": 14
            },
            "end": {
              "line": 339,
              "column": 59
            }
          },
          {
            "start": {
              "line": 341,
              "column": 14
            },
            "end": {
              "line": 427,
              "column": 17
            }
          }
        ],
        "line": 338
      },
      "9": {
        "loc": {
          "start": {
            "line": 342,
            "column": 17
          },
          "end": {
            "line": 426,
            "column": 17
          }
        },
        "type": "cond-expr",
        "locations": [
          {
            "start": {
              "line": 343,
              "column": 18
            },
            "end": {
              "line": 347,
              "column": 24
            }
          },
          {
            "start": {
              "line": 349,
              "column": 18
            },
            "end": {
              "line": 425,
              "column": 28
            }
          }
        ],
        "line": 342
      },
      "10": {
        "loc": {
          "start": {
            "line": 395,
            "column": 26
          },
          "end": {
            "line": 404,
            "column": 27
          }
        },
        "type": "if",
        "locations": [
          {
            "start": {
              "line": 395,
              "column": 26
            },
            "end": {
              "line": 404,
              "column": 27
            }
          },
          {
            "start": {
              "line": 395,
              "column": 26
            },
            "end": {
              "line": 404,
              "column": 27
            }
          }
        ],
        "line": 395
      }
    },
    "s": {
      "0": 13,
      "1": 13,
      "2": 0,
      "3": 0,
      "4": 0,
      "5": 0,
      "6": 0,
      "7": 0,
      "8": 0,
      "9": 0,
      "10": 0,
      "11": 0,
      "12": 0,
      "13": 0,
      "14": 0,
      "15": 0,
      "16": 0,
      "17": 0,
      "18": 0,
      "19": 0,
      "20": 0,
      "21": 0,
      "22": 0,
      "23": 0,
      "24": 0,
      "25": 0,
      "26": 0,
      "27": 0,
      "28": 0,
      "29": 0,
      "30": 0,
      "31": 0,
      "32": 0,
      "33": 0,
      "34": 0,
      "35": 0,
      "36": 0,
      "37": 0,
      "38": 0,
      "39": 0,
      "40": 0,
      "41": 0,
      "42": 0,
      "43": 0,
      "44": 0,
      "45": 0,
      "46": 0,
      "47": 0,
      "48": 0,
      "49": 0,
      "50": 0,
      "51": 0,
      "52": 0,
      "53": 0,
      "54": 0,
      "55": 0,
      "56": 0,
      "57": 0,
      "58": 0,
      "59": 0
    },
    "f": {
      "0": 0,
      "1": 0,
      "2": 0,
      "3": 0,
      "4": 0,
      "5": 0,
      "6": 0,
      "7": 0,
      "8": 0,
      "9": 0,
      "10": 0,
      "11": 0,
      "12": 0,
      "13": 0,
      "14": 0,
      "15": 0,
      "16": 0,
      "17": 0,
      "18": 0,
      "19": 0,
      "20": 0,
      "21": 0,
      "22": 0,
      "23": 0
    },
    "b": {
      "0": [
        0,
        0
      ],
      "1": [
        0,
        0
      ],
      "2": [
        0,
        0
      ],
      "3": [
        0,
        0
      ],
      "4": [
        0,
        0
      ],
      "5": [
        0,
        0
      ],
      "6": [
        0,
        0
      ],
      "7": [
        0,
        0
      ],
      "8": [
        0,
        0
      ],
      "9": [
        0,
        0
      ],
      "10": [
        0,
        0
      ]
    },
    "_coverageSchema": "1a1c01bbd47fc00a2c39e90264f33305004495a9",
    "hash": "e2dfc719cbd8f7357c5259e247a9507c178cf630"
  },
  "C:\\Users\\Prathmesh Shinde\\Desktop\\postingv2\\src\\App.tsx": {
    "path": "C:\\Users\\Prathmesh Shinde\\Desktop\\postingv2\\src\\App.tsx",
    "statementMap": {
      "0": {
        "start": {
          "line": 29,
          "column": 0
        },
        "end": {
          "line": 29,
          "column": 37
        }
      },
      "1": {
        "start": {
          "line": 30,
          "column": 18
        },
        "end": {
          "line": 30,
          "column": 32
        }
      },
      "2": {
        "start": {
          "line": 33,
          "column": 28
        },
        "end": {
          "line": 33,
          "column": 49
        }
      },
      "3": {
        "start": {
          "line": 34,
          "column": 32
        },
        "end": {
          "line": 34,
          "column": 55
        }
      },
      "4": {
        "start": {
          "line": 35,
          "column": 30
        },
        "end": {
          "line": 35,
          "column": 50
        }
      },
      "5": {
        "start": {
          "line": 36,
          "column": 38
        },
        "end": {
          "line": 36,
          "column": 65
        }
      },
      "6": {
        "start": {
          "line": 37,
          "column": 46
        },
        "end": {
          "line": 37,
          "column": 79
        }
      },
      "7": {
        "start": {
          "line": 38,
          "column": 42
        },
        "end": {
          "line": 38,
          "column": 72
        }
      },
      "8": {
        "start": {
          "line": 39,
          "column": 56
        },
        "end": {
          "line": 41,
          "column": 7
        }
      },
      "9": {
        "start": {
          "line": 42,
          "column": 19
        },
        "end": {
          "line": 42,
          "column": 32
        }
      },
      "10": {
        "start": {
          "line": 43,
          "column": 44
        },
        "end": {
          "line": 43,
          "column": 67
        }
      },
      "11": {
        "start": {
          "line": 44,
          "column": 40
        },
        "end": {
          "line": 44,
          "column": 62
        }
      },
      "12": {
        "start": {
          "line": 45,
          "column": 46
        },
        "end": {
          "line": 45,
          "column": 68
        }
      },
      "13": {
        "start": {
          "line": 46,
          "column": 40
        },
        "end": {
          "line": 46,
          "column": 64
        }
      },
      "14": {
        "start": {
          "line": 48,
          "column": 28
        },
        "end": {
          "line": 58,
          "column": 3
        }
      },
      "15": {
        "start": {
          "line": 49,
          "column": 4
        },
        "end": {
          "line": 57,
          "column": 5
        }
      },
      "16": {
        "start": {
          "line": 50,
          "column": 6
        },
        "end": {
          "line": 56,
          "column": 7
        }
      },
      "17": {
        "start": {
          "line": 54,
          "column": 8
        },
        "end": {
          "line": 54,
          "column": 49
        }
      },
      "18": {
        "start": {
          "line": 54,
          "column": 33
        },
        "end": {
          "line": 54,
          "column": 47
        }
      },
      "19": {
        "start": {
          "line": 55,
          "column": 8
        },
        "end": {
          "line": 55,
          "column": 32
        }
      },
      "20": {
        "start": {
          "line": 59,
          "column": 2
        },
        "end": {
          "line": 59,
          "column": 5
        }
      },
      "21": {
        "start": {
          "line": 61,
          "column": 2
        },
        "end": {
          "line": 69,
          "column": 28
        }
      },
      "22": {
        "start": {
          "line": 62,
          "column": 4
        },
        "end": {
          "line": 62,
          "column": 68
        }
      },
      "23": {
        "start": {
          "line": 63,
          "column": 4
        },
        "end": {
          "line": 67,
          "column": 6
        }
      },
      "24": {
        "start": {
          "line": 68,
          "column": 4
        },
        "end": {
          "line": 68,
          "column": 50
        }
      },
      "25": {
        "start": {
          "line": 71,
          "column": 2
        },
        "end": {
          "line": 157,
          "column": 4
        }
      },
      "26": {
        "start": {
          "line": 72,
          "column": 41
        },
        "end": {
          "line": 72,
          "column": 61
        }
      }
    },
    "fnMap": {
      "0": {
        "name": "App",
        "decl": {
          "start": {
            "line": 32,
            "column": 9
          },
          "end": {
            "line": 32,
            "column": 12
          }
        },
        "loc": {
          "start": {
            "line": 32,
            "column": 15
          },
          "end": {
            "line": 158,
            "column": 1
          }
        },
        "line": 32
      },
      "1": {
        "name": "(anonymous_1)",
        "decl": {
          "start": {
            "line": 48,
            "column": 28
          },
          "end": {
            "line": 48,
            "column": 29
          }
        },
        "loc": {
          "start": {
            "line": 48,
            "column": 63
          },
          "end": {
            "line": 58,
            "column": 3
          }
        },
        "line": 48
      },
      "2": {
        "name": "(anonymous_2)",
        "decl": {
          "start": {
            "line": 54,
            "column": 18
          },
          "end": {
            "line": 54,
            "column": 19
          }
        },
        "loc": {
          "start": {
            "line": 54,
            "column": 33
          },
          "end": {
            "line": 54,
            "column": 47
          }
        },
        "line": 54
      },
      "3": {
        "name": "(anonymous_3)",
        "decl": {
          "start": {
            "line": 61,
            "column": 12
          },
          "end": {
            "line": 61,
            "column": 13
          }
        },
        "loc": {
          "start": {
            "line": 61,
            "column": 18
          },
          "end": {
            "line": 69,
            "column": 3
          }
        },
        "line": 61
      },
      "4": {
        "name": "(anonymous_4)",
        "decl": {
          "start": {
            "line": 72,
            "column": 34
          },
          "end": {
            "line": 72,
            "column": 35
          }
        },
        "loc": {
          "start": {
            "line": 72,
            "column": 41
          },
          "end": {
            "line": 72,
            "column": 61
          }
        },
        "line": 72
      }
    },
    "branchMap": {
      "0": {
        "loc": {
          "start": {
            "line": 49,
            "column": 4
          },
          "end": {
            "line": 57,
            "column": 5
          }
        },
        "type": "if",
        "locations": [
          {
            "start": {
              "line": 49,
              "column": 4
            },
            "end": {
              "line": 57,
              "column": 5
            }
          },
          {
            "start": {
              "line": 49,
              "column": 4
            },
            "end": {
              "line": 57,
              "column": 5
            }
          }
        ],
        "line": 49
      },
      "1": {
        "loc": {
          "start": {
            "line": 50,
            "column": 6
          },
          "end": {
            "line": 56,
            "column": 7
          }
        },
        "type": "if",
        "locations": [
          {
            "start": {
              "line": 50,
              "column": 6
            },
            "end": {
              "line": 56,
              "column": 7
            }
          },
          {
            "start": {
              "line": 50,
              "column": 6
            },
            "end": {
              "line": 56,
              "column": 7
            }
          }
        ],
        "line": 50
      },
      "2": {
        "loc": {
          "start": {
            "line": 75,
            "column": 11
          },
          "end": {
            "line": 77,
            "column": 18
          }
        },
        "type": "cond-expr",
        "locations": [
          {
            "start": {
              "line": 76,
              "column": 12
            },
            "end": {
              "line": 76,
              "column": 23
            }
          },
          {
            "start": {
              "line": 77,
              "column": 14
            },
            "end": {
              "line": 77,
              "column": 18
            }
          }
        ],
        "line": 75
      },
      "3": {
        "loc": {
          "start": {
            "line": 75,
            "column": 11
          },
          "end": {
            "line": 75,
            "column": 76
          }
        },
        "type": "binary-expr",
        "locations": [
          {
            "start": {
              "line": 75,
              "column": 11
            },
            "end": {
              "line": 75,
              "column": 41
            }
          },
          {
            "start": {
              "line": 75,
              "column": 45
            },
            "end": {
              "line": 75,
              "column": 76
            }
          }
        ],
        "line": 75
      }
    },
    "s": {
      "0": 13,
      "1": 13,
      "2": 111,
      "3": 110,
      "4": 110,
      "5": 110,
      "6": 110,
      "7": 110,
      "8": 110,
      "9": 110,
      "10": 110,
      "11": 110,
      "12": 110,
      "13": 110,
      "14": 110,
      "15": 26,
      "16": 18,
      "17": 18,
      "18": 18,
      "19": 18,
      "20": 110,
      "21": 110,
      "22": 44,
      "23": 44,
      "24": 44,
      "25": 110,
      "26": 26
    },
    "f": {
      "0": 111,
      "1": 26,
      "2": 18,
      "3": 44,
      "4": 26
    },
    "b": {
      "0": [
        18,
        8
      ],
      "1": [
        18,
        0
      ],
      "2": [
        60,
        50
      ],
      "3": [
        110,
        60
      ]
    },
    "_coverageSchema": "1a1c01bbd47fc00a2c39e90264f33305004495a9",
    "hash": "60a970e17017fba193f54e73424f7aba73514b43"
  },
  "C:\\Users\\Prathmesh Shinde\\Desktop\\postingv2\\src\\index.tsx": {
    "path": "C:\\Users\\Prathmesh Shinde\\Desktop\\postingv2\\src\\index.tsx",
    "statementMap": {
      "0": {
        "start": {
          "line": 9,
          "column": 13
        },
        "end": {
          "line": 11,
          "column": 1
        }
      },
      "1": {
        "start": {
          "line": 12,
          "column": 0
        },
        "end": {
          "line": 20,
          "column": 2
        }
      }
    },
    "fnMap": {},
    "branchMap": {},
    "s": {
      "0": 13,
      "1": 13
    },
    "f": {},
    "b": {},
    "_coverageSchema": "1a1c01bbd47fc00a2c39e90264f33305004495a9",
    "hash": "cec932f62ca30d3882e626e8a0bd452295ff4f3c"
  }
}